[2026-03-15T02:28:34.887Z] [error] Failed to load resource: the server responded with a status of 404 (Not Found)
[2026-03-15T02:28:34.890Z] [error] Failed to load resource: the server responded with a status of 404 (Not Found)
[2026-03-15T02:28:34.902Z] [error] Failed to load resource: the server responded with a status of 404 (Not Found)
[2026-03-15T02:28:35.116Z] [debug] [vite] connecting...
[2026-03-15T02:28:35.184Z] [debug] [vite] connected.
[2026-03-15T02:28:35.548Z] [error] Failed to load resource: the server responded with a status of 404 (Not Found)
[2026-03-15T02:28:35.573Z] [info] %cDownload the React DevTools for a better development experience: https://react.dev/link/react-devtools font-weight:bold
[2026-03-15T02:28:35.616Z] [error] Invalid DOM property `%s`. Did you mean `%s`? class className
[2026-03-15T02:28:35.616Z] [error] Failed to load resource: the server responded with a status of 404 (Not Found)
[2026-03-15T02:28:35.637Z] [error] Failed to load resource: the server responded with a status of 404 (Not Found)
[2026-03-15T02:28:38.864Z] [error] Failed to load resource: the server responded with a status of 404 (Not Found)
[2026-03-15T02:28:38.893Z] [error] Failed to load resource: the server responded with a status of 404 (Not Found)
[2026-03-15T02:28:38.905Z] [error] Failed to load resource: the server responded with a status of 404 (Not Found)
[2026-03-15T02:28:39.130Z] [error] Failed to load resource: the server responded with a status of 404 (Not Found)
[2026-03-15T02:28:39.142Z] [error] Failed to load resource: the server responded with a status of 404 (Not Found)
[2026-03-15T02:28:39.156Z] [error] Failed to load resource: the server responded with a status of 404 (Not Found)
[2026-03-15T02:29:09.316Z] [debug] [vite] hot updated: /src/styles/global.css
[2026-03-15T02:29:09.316Z] [debug] [vite] hot updated: /Users/tom/Documents/source_code/Nyx_landing/src/components/LanguageSwitcher.tsx
[2026-03-15T02:29:14.940Z] [debug] [vite] connecting...
[2026-03-15T02:29:14.959Z] [error] Failed to load resource: the server responded with a status of 404 (Not Found)
[2026-03-15T02:29:14.959Z] [error] Failed to load resource: the server responded with a status of 404 (Not Found)
[2026-03-15T02:29:14.961Z] [error] Failed to load resource: the server responded with a status of 404 (Not Found)
[2026-03-15T02:29:15.015Z] [debug] [vite] connected.
[2026-03-15T02:29:15.030Z] [info] %cDownload the React DevTools for a better development experience: https://react.dev/link/react-devtools font-weight:bold
[2026-03-15T02:29:15.131Z] [error] Failed to load resource: the server responded with a status of 404 (Not Found)
[2026-03-15T02:29:15.154Z] [error] Failed to load resource: the server responded with a status of 404 (Not Found)
[2026-03-15T02:29:15.204Z] [error] Failed to load resource: the server responded with a status of 404 (Not Found)
[2026-03-15T02:29:15.775Z] [error] Failed to load resource: the server responded with a status of 404 (Not Found)
[2026-03-15T02:29:15.788Z] [error] Failed to load resource: the server responded with a status of 404 (Not Found)
[2026-03-15T02:29:15.800Z] [error] Failed to load resource: the server responded with a status of 404 (Not Found)
[2026-03-15T02:29:16.014Z] [error] Failed to load resource: the server responded with a status of 404 (Not Found)
[2026-03-15T02:29:16.027Z] [error] Failed to load resource: the server responded with a status of 404 (Not Found)
[2026-03-15T02:29:16.038Z] [error] Failed to load resource: the server responded with a status of 404 (Not Found)
[2026-03-15T02:29:27.361Z] [error] Failed to load resource: the server responded with a status of 404 (Not Found)
[2026-03-15T02:29:27.362Z] [error] Failed to load resource: the server responded with a status of 404 (Not Found)
[2026-03-15T02:29:27.363Z] [error] Failed to load resource: the server responded with a status of 404 (Not Found)
[2026-03-15T02:29:27.377Z] [debug] [vite] connecting...
[2026-03-15T02:29:27.439Z] [debug] [vite] connected.
[2026-03-15T02:29:27.441Z] [info] %cDownload the React DevTools for a better development experience: https://react.dev/link/react-devtools font-weight:bold
[2026-03-15T02:29:27.494Z] [error] Failed to load resource: the server responded with a status of 404 (Not Found)
[2026-03-15T02:29:27.507Z] [error] Failed to load resource: the server responded with a status of 404 (Not Found)
[2026-03-15T02:29:27.535Z] [error] Failed to load resource: the server responded with a status of 404 (Not Found)
[2026-03-15T02:29:34.329Z] [debug] [vite] connecting...
[2026-03-15T02:29:34.354Z] [error] Failed to load resource: the server responded with a status of 404 (Not Found)
[2026-03-15T02:29:34.354Z] [error] Failed to load resource: the server responded with a status of 404 (Not Found)
[2026-03-15T02:29:34.354Z] [error] Failed to load resource: the server responded with a status of 404 (Not Found)
[2026-03-15T02:29:34.360Z] [debug] [vite] connected.
[2026-03-15T02:29:34.376Z] [info] %cDownload the React DevTools for a better development experience: https://react.dev/link/react-devtools font-weight:bold
[2026-03-15T02:29:34.431Z] [error] Failed to load resource: the server responded with a status of 404 (Not Found)
[2026-03-15T02:29:34.443Z] [error] Failed to load resource: the server responded with a status of 404 (Not Found)
[2026-03-15T02:29:34.467Z] [error] Failed to load resource: the server responded with a status of 404 (Not Found)
[2026-03-15T02:29:38.536Z] [error] Failed to load resource: the server responded with a status of 404 (Not Found)
[2026-03-15T02:29:38.536Z] [error] Failed to load resource: the server responded with a status of 404 (Not Found)
[2026-03-15T02:29:38.538Z] [debug] [vite] connecting...
[2026-03-15T02:29:38.540Z] [error] Failed to load resource: the server responded with a status of 404 (Not Found)
[2026-03-15T02:29:38.566Z] [debug] [vite] connected.
[2026-03-15T02:29:38.571Z] [info] %cDownload the React DevTools for a better development experience: https://react.dev/link/react-devtools font-weight:bold
[2026-03-15T02:29:38.612Z] [error] Failed to load resource: the server responded with a status of 404 (Not Found)
[2026-03-15T02:29:38.627Z] [error] Failed to load resource: the server responded with a status of 404 (Not Found)
[2026-03-15T02:29:38.634Z] [error] Failed to load resource: the server responded with a status of 404 (Not Found)
[2026-03-15T02:29:38.842Z] [debug] [vite] connecting...
[2026-03-15T02:29:38.873Z] [error] Failed to load resource: the server responded with a status of 404 (Not Found)
[2026-03-15T02:29:38.882Z] [debug] [vite] connected.
[2026-03-15T02:29:38.887Z] [error] Failed to load resource: the server responded with a status of 404 (Not Found)
[2026-03-15T02:29:38.887Z] [error] Failed to load resource: the server responded with a status of 404 (Not Found)
[2026-03-15T02:29:38.889Z] [info] %cDownload the React DevTools for a better development experience: https://react.dev/link/react-devtools font-weight:bold
[2026-03-15T02:29:38.979Z] [error] Failed to load resource: the server responded with a status of 404 (Not Found)
[2026-03-15T02:29:38.998Z] [error] Failed to load resource: the server responded with a status of 404 (Not Found)
[2026-03-15T02:29:39.024Z] [error] Failed to load resource: the server responded with a status of 404 (Not Found)
[2026-03-15T02:29:54.758Z] [debug] [vite] connecting...
[2026-03-15T02:29:54.809Z] [debug] [vite] connected.
[2026-03-15T02:29:54.814Z] [info] %cDownload the React DevTools for a better development experience: https://react.dev/link/react-devtools font-weight:bold
[2026-03-15T02:29:55.783Z] [debug] [vite] connecting...
[2026-03-15T02:29:55.811Z] [debug] [vite] connected.
[2026-03-15T02:29:55.830Z] [info] %cDownload the React DevTools for a better development experience: https://react.dev/link/react-devtools font-weight:bold
[2026-03-15T02:31:52.594Z] [debug] [vite] connecting...
[2026-03-15T02:31:52.605Z] [error] Failed to load resource: the server responded with a status of 404 (Not Found)
[2026-03-15T02:31:52.605Z] [error] Failed to load resource: the server responded with a status of 404 (Not Found)
[2026-03-15T02:31:52.609Z] [debug] [vite] connected.
[2026-03-15T02:31:52.609Z] [error] Failed to load resource: the server responded with a status of 404 (Not Found)
[2026-03-15T02:31:52.653Z] [info] %cDownload the React DevTools for a better development experience: https://react.dev/link/react-devtools font-weight:bold
[2026-03-15T02:31:52.714Z] [error] Failed to load resource: the server responded with a status of 404 (Not Found)
[2026-03-15T02:31:52.731Z] [error] Failed to load resource: the server responded with a status of 404 (Not Found)
[2026-03-15T02:31:52.744Z] [error] Failed to load resource: the server responded with a status of 404 (Not Found)
[2026-03-15T02:31:57.363Z] [error] Failed to load resource: the server responded with a status of 404 (Not Found)
[2026-03-15T02:31:57.363Z] [error] Failed to load resource: the server responded with a status of 404 (Not Found)
[2026-03-15T02:31:57.363Z] [error] Failed to load resource: the server responded with a status of 404 (Not Found)
[2026-03-15T02:31:57.366Z] [debug] [vite] connecting...
[2026-03-15T02:31:57.410Z] [debug] [vite] connected.
[2026-03-15T02:31:57.416Z] [info] %cDownload the React DevTools for a better development experience: https://react.dev/link/react-devtools font-weight:bold
[2026-03-15T02:31:57.469Z] [error] Failed to load resource: the server responded with a status of 404 (Not Found)
[2026-03-15T02:31:57.481Z] [error] Failed to load resource: the server responded with a status of 404 (Not Found)
[2026-03-15T02:31:57.494Z] [error] Failed to load resource: the server responded with a status of 404 (Not Found)
[2026-03-15T02:31:58.350Z] [debug] [vite] connecting...
[2026-03-15T02:31:58.373Z] [error] Failed to load resource: the server responded with a status of 404 (Not Found)
[2026-03-15T02:31:58.378Z] [error] Failed to load resource: the server responded with a status of 404 (Not Found)
[2026-03-15T02:31:58.378Z] [error] Failed to load resource: the server responded with a status of 404 (Not Found)
[2026-03-15T02:31:58.378Z] [debug] [vite] connected.
[2026-03-15T02:31:58.396Z] [info] %cDownload the React DevTools for a better development experience: https://react.dev/link/react-devtools font-weight:bold
[2026-03-15T02:31:58.465Z] [error] Failed to load resource: the server responded with a status of 404 (Not Found)
[2026-03-15T02:31:58.472Z] [error] Failed to load resource: the server responded with a status of 404 (Not Found)
[2026-03-15T02:31:58.487Z] [error] Failed to load resource: the server responded with a status of 404 (Not Found)
[2026-03-15T02:32:18.743Z] [debug] [vite] connecting...
[2026-03-15T02:32:18.757Z] [debug] [vite] connected.
[2026-03-15T02:32:18.767Z] [error] Failed to load resource: the server responded with a status of 404 (Not Found)
[2026-03-15T02:32:18.769Z] [error] Failed to load resource: the server responded with a status of 404 (Not Found)
[2026-03-15T02:32:18.769Z] [error] Failed to load resource: the server responded with a status of 404 (Not Found)
[2026-03-15T02:32:18.795Z] [info] %cDownload the React DevTools for a better development experience: https://react.dev/link/react-devtools font-weight:bold
[2026-03-15T02:32:18.863Z] [error] Failed to load resource: the server responded with a status of 404 (Not Found)
[2026-03-15T02:32:18.877Z] [error] Failed to load resource: the server responded with a status of 404 (Not Found)
[2026-03-15T02:32:18.891Z] [error] Failed to load resource: the server responded with a status of 404 (Not Found)
[2026-03-15T02:32:42.723Z] [debug] [vite] connecting...
[2026-03-15T02:32:42.735Z] [debug] [vite] connected.
[2026-03-15T02:32:42.738Z] [error] Failed to load resource: the server responded with a status of 404 (Not Found)
[2026-03-15T02:32:42.738Z] [error] Failed to load resource: the server responded with a status of 404 (Not Found)
[2026-03-15T02:32:42.738Z] [error] Failed to load resource: the server responded with a status of 404 (Not Found)
[2026-03-15T02:32:42.757Z] [info] %cDownload the React DevTools for a better development experience: https://react.dev/link/react-devtools font-weight:bold
[2026-03-15T02:32:42.820Z] [error] Failed to load resource: the server responded with a status of 404 (Not Found)
[2026-03-15T02:32:42.831Z] [error] Failed to load resource: the server responded with a status of 404 (Not Found)
[2026-03-15T02:32:42.841Z] [error] Failed to load resource: the server responded with a status of 404 (Not Found)
[2026-03-15T02:33:40.153Z] [error] Failed to load resource: the server responded with a status of 500 (Internal Server Error)
