[2026-03-15T02:28:34.171Z] GET http://localhost:4321/ → 200 (609ms, 106554B)
[2026-03-15T02:28:34.794Z] GET https://fonts.googleapis.com/css2?family=Inter:wght@300;400;500;600;700;800&display=swap → pending (?ms, ?B)
[2026-03-15T02:28:34.794Z] GET http://localhost:4321/@vite/client → 200 (30ms, 294360B)
[2026-03-15T02:28:34.794Z] GET http://localhost:4321/@id/astro/runtime/client/dev-toolbar/entrypoint.js → 200 (16ms, 9749B)
[2026-03-15T02:28:34.794Z] GET http://localhost:4321/src/styles/global.css → 200 (78ms, 44777B)
[2026-03-15T02:28:34.794Z] GET http://localhost:4321/images/mascot.png → 404 (93ms, 4311B)
[2026-03-15T02:28:34.794Z] GET http://localhost:4321/images/app-screenshot-1.png → 404 (96ms, 4321B)
[2026-03-15T02:28:34.794Z] GET http://localhost:4321/images/app-screenshot-2.png → 404 (108ms, 4321B)
[2026-03-15T02:28:34.811Z] GET http://localhost:4321/node_modules/.vite/deps/chunk-GCMJ7K6N.js?v=176711f4 → 200 (15ms, 2813B)
[2026-03-15T02:28:34.811Z] GET http://localhost:4321/node_modules/.vite/deps/chunk-UBFS37DA.js?v=176711f4 → 200 (22ms, 4857B)
[2026-03-15T02:28:34.811Z] GET http://localhost:4321/node_modules/.vite/deps/chunk-5WRI5ZAA.js?v=176711f4 → 200 (16ms, 7184B)
[2026-03-15T02:28:34.814Z] GET http://localhost:4321/@id/__x00__astro:toolbar:internal → 200 (59ms, 8955B)
[2026-03-15T02:28:34.824Z] GET http://localhost:4321/node_modules/.pnpm/vite@7.3.1_jiti@2.6.1_lightningcss@1.31.1_yaml@2.8.2/node_modules/vite/dist/client/env.mjs → 200 (50ms, 3478B)
[2026-03-15T02:28:35.048Z] GET http://localhost:4321/@id/astro:scripts/before-hydration.js → 200 (30ms, 988B)
[2026-03-15T02:28:35.075Z] GET https://fonts.gstatic.com/s/inter/v20/UcC73FwrK3iLTeHuS_nVMrMxCp50SjIa1ZL7W0Q5nw.woff2 → 200 (323ms, 48432B)
[2026-03-15T02:28:35.075Z] GET https://fonts.gstatic.com/s/inter/v20/UcC73FwrK3iLTeHuS_nVMrMxCp50SjIa25L7W0Q5n-wU.woff2 → 200 (338ms, 85272B)
[2026-03-15T02:28:35.075Z] GET https://fonts.gstatic.com/s/inter/v20/UcC73FwrK3iLTeHuS_nVMrMxCp50SjIa2pL7W0Q5n-wU.woff2 → 200 (292ms, 10280B)
[2026-03-15T02:28:35.132Z] GET http://localhost:4321/@react-refresh → 200 (23ms, 111894B)
[2026-03-15T02:28:35.132Z] GET http://localhost:4321/node_modules/.vite/deps/astro-BE6YECNS.js?v=176711f4 → 200 (23ms, 20663B)
[2026-03-15T02:28:35.132Z] GET http://localhost:4321/node_modules/.vite/deps/audit-WLTWP44L.js?v=176711f4 → 200 (38ms, 52528B)
[2026-03-15T02:28:35.132Z] GET http://localhost:4321/node_modules/.vite/deps/xray-CIFJOFPU.js?v=176711f4 → 200 (23ms, 5722B)
[2026-03-15T02:28:35.133Z] GET http://localhost:4321/node_modules/.vite/deps/settings-F2ISS3QH.js?v=176711f4 → 200 (24ms, 6392B)
[2026-03-15T02:28:35.134Z] GET http://localhost:4321/node_modules/.vite/deps/toolbar-SW6GNZV3.js?v=176711f4 → 200 (27ms, 15789B)
[2026-03-15T02:28:35.134Z] GET http://localhost:4321/node_modules/.vite/deps/ui-library-RRNAZ76X.js?v=176711f4 → 200 (50ms, 29524B)
[2026-03-15T02:28:35.162Z] GET http://localhost:4321/node_modules/.vite/deps/chunk-NW3GSXF7.js?v=176711f4 → 200 (30ms, 1716B)
[2026-03-15T02:28:35.162Z] GET http://localhost:4321/node_modules/.vite/deps/chunk-IVCLOU5T.js?v=176711f4 → 200 (32ms, 48717B)
[2026-03-15T02:28:35.170Z] GET http://localhost:4321/node_modules/.vite/deps/chunk-MUZKV7YD.js?v=176711f4 → 200 (25ms, 2456B)
[2026-03-15T02:28:35.170Z] GET http://localhost:4321/node_modules/.vite/deps/chunk-6CIVEWMC.js?v=176711f4 → 200 (26ms, 680B)
[2026-03-15T02:28:35.184Z] GET http://localhost:4321/node_modules/.vite/deps/chunk-ZPH5RHRB.js?v=176711f4 → 200 (13ms, 216145B)
[2026-03-15T02:28:35.184Z] GET http://localhost:4321/node_modules/.vite/deps/chunk-MHMTZ27E.js?v=176711f4 → 200 (13ms, 123003B)
[2026-03-15T02:28:35.191Z] GET http://localhost:4321/Users/tom/Documents/source_code/Nyx_landing/src/components/LanguageSwitcher.tsx → 200 (273ms, 5526B)
[2026-03-15T02:28:35.191Z] GET http://localhost:4321/@id/@astrojs/react/client.js → 200 (267ms, 4723B)
[2026-03-15T02:28:35.191Z] GET http://localhost:4321/Users/tom/Documents/source_code/Nyx_landing/src/components/MobileMenu.tsx → 200 (293ms, 11638B)
[2026-03-15T02:28:35.247Z] GET http://localhost:4321/images/mascot.png → 404 (301ms, ?B)
[2026-03-15T02:28:35.459Z] GET http://localhost:4321/node_modules/.vite/deps/chunk-TMQEGJQE.js?v=176711f4 → 200 (91ms, 1005614B)
[2026-03-15T02:28:35.459Z] GET http://localhost:4321/node_modules/.vite/deps/chunk-MEGOR7ID.js?v=176711f4 → 200 (30ms, 16410B)
[2026-03-15T02:28:35.460Z] GET http://localhost:4321/node_modules/.vite/deps/chunk-DEYIUA6C.js?v=176711f4 → 200 (41ms, 45692B)
[2026-03-15T02:28:35.464Z] GET http://localhost:4321/node_modules/.vite/deps/react_jsx-dev-runtime.js?v=e1922aee → 200 (26ms, 12503B)
[2026-03-15T02:28:35.464Z] GET http://localhost:4321/node_modules/.vite/deps/react.js?v=e1922aee → 200 (34ms, 1024B)
[2026-03-15T02:28:35.580Z] GET http://localhost:4321/images/app-screenshot-1.png → 404 (36ms, ?B)
[2026-03-15T02:28:35.620Z] GET http://localhost:4321/images/app-screenshot-2.png → 404 (17ms, ?B)
[2026-03-15T02:28:38.863Z] GET http://localhost:4321/images/mascot.png → 404 (1ms, ?B)
[2026-03-15T02:28:38.865Z] GET http://localhost:4321/images/app-screenshot-1.png → 404 (28ms, ?B)
[2026-03-15T02:28:38.893Z] GET http://localhost:4321/images/app-screenshot-2.png → 404 (12ms, ?B)
[2026-03-15T02:28:39.120Z] GET http://localhost:4321/images/mascot.png → 404 (10ms, ?B)
[2026-03-15T02:28:39.131Z] GET http://localhost:4321/images/app-screenshot-1.png → 404 (11ms, ?B)
[2026-03-15T02:28:39.143Z] GET http://localhost:4321/images/app-screenshot-2.png → 404 (13ms, ?B)
[2026-03-15T02:29:09.242Z] GET http://localhost:4321/src/styles/global.css?t=1773541749240 → 200 (65ms, 44777B)
[2026-03-15T02:29:09.242Z] GET http://localhost:4321/Users/tom/Documents/source_code/Nyx_landing/src/components/LanguageSwitcher.tsx?t=1773541749240 → 200 (73ms, 5334B)
[2026-03-15T02:29:14.783Z] GET http://localhost:4321/en → 200 (133ms, ?B)
[2026-03-15T02:29:14.921Z] GET https://fonts.googleapis.com/css2?family=Inter:wght@300;400;500;600;700;800&display=swap → 200 (?ms, 15042B)
[2026-03-15T02:29:14.922Z] GET http://localhost:4321/@vite/client → 200 (7ms, 294360B)
[2026-03-15T02:29:14.922Z] GET http://localhost:4321/@id/astro/runtime/client/dev-toolbar/entrypoint.js → 200 (5ms, 9749B)
[2026-03-15T02:29:14.922Z] GET http://localhost:4321/src/styles/global.css → 200 (7ms, 44777B)
[2026-03-15T02:29:14.922Z] GET http://localhost:4321/images/mascot.png → pending (?ms, ?B)
[2026-03-15T02:29:14.924Z] GET http://localhost:4321/@id/astro:scripts/before-hydration.js → 200 (5ms, 988B)
[2026-03-15T02:29:14.925Z] GET http://localhost:4321/images/app-screenshot-1.png → pending (?ms, ?B)
[2026-03-15T02:29:14.926Z] GET http://localhost:4321/images/app-screenshot-2.png → pending (?ms, ?B)
[2026-03-15T02:29:14.927Z] GET http://localhost:4321/node_modules/.vite/deps/chunk-GCMJ7K6N.js?v=176711f4 → 200 (?ms, 2813B)
[2026-03-15T02:29:14.928Z] GET http://localhost:4321/node_modules/.vite/deps/chunk-UBFS37DA.js?v=176711f4 → 200 (?ms, 4857B)
[2026-03-15T02:29:14.928Z] GET http://localhost:4321/node_modules/.vite/deps/chunk-5WRI5ZAA.js?v=176711f4 → 200 (?ms, 7184B)
[2026-03-15T02:29:14.928Z] GET http://localhost:4321/@id/__x00__astro:toolbar:internal → 200 (12ms, ?B)
[2026-03-15T02:29:14.929Z] GET http://localhost:4321/node_modules/.pnpm/vite@7.3.1_jiti@2.6.1_lightningcss@1.31.1_yaml@2.8.2/node_modules/vite/dist/client/env.mjs → 200 (11ms, ?B)
[2026-03-15T02:29:14.930Z] GET http://localhost:4321/@react-refresh → pending (?ms, ?B)
[2026-03-15T02:29:14.955Z] GET https://fonts.gstatic.com/s/inter/v20/UcC73FwrK3iLTeHuS_nVMrMxCp50SjIa2pL7W0Q5n-wU.woff2 → 200 (?ms, ?B)
[2026-03-15T02:29:14.956Z] GET https://fonts.gstatic.com/s/inter/v20/UcC73FwrK3iLTeHuS_nVMrMxCp50SjIa25L7W0Q5n-wU.woff2 → 200 (?ms, ?B)
[2026-03-15T02:29:14.958Z] GET https://fonts.gstatic.com/s/inter/v20/UcC73FwrK3iLTeHuS_nVMrMxCp50SjIa1ZL7W0Q5nw.woff2 → 200 (1ms, ?B)
[2026-03-15T02:29:14.961Z] GET http://localhost:4321/node_modules/.vite/deps/astro-BE6YECNS.js?v=176711f4 → 200 (?ms, 20663B)
[2026-03-15T02:29:14.961Z] GET http://localhost:4321/node_modules/.vite/deps/audit-WLTWP44L.js?v=176711f4 → 200 (?ms, 52528B)
[2026-03-15T02:29:14.963Z] GET http://localhost:4321/node_modules/.vite/deps/xray-CIFJOFPU.js?v=176711f4 → 200 (?ms, 5722B)
[2026-03-15T02:29:14.963Z] GET http://localhost:4321/node_modules/.vite/deps/settings-F2ISS3QH.js?v=176711f4 → 200 (?ms, 6392B)
[2026-03-15T02:29:14.963Z] GET http://localhost:4321/node_modules/.vite/deps/toolbar-SW6GNZV3.js?v=176711f4 → 200 (3ms, 15789B)
[2026-03-15T02:29:14.966Z] GET http://localhost:4321/node_modules/.vite/deps/ui-library-RRNAZ76X.js?v=176711f4 → 200 (?ms, 29524B)
[2026-03-15T02:29:14.984Z] GET http://localhost:4321/node_modules/.vite/deps/chunk-NW3GSXF7.js?v=176711f4 → 200 (?ms, 1716B)
[2026-03-15T02:29:14.984Z] GET http://localhost:4321/node_modules/.vite/deps/chunk-IVCLOU5T.js?v=176711f4 → 200 (?ms, 48717B)
[2026-03-15T02:29:14.985Z] GET http://localhost:4321/node_modules/.vite/deps/chunk-MUZKV7YD.js?v=176711f4 → 200 (?ms, 2456B)
[2026-03-15T02:29:14.986Z] GET http://localhost:4321/node_modules/.vite/deps/chunk-ZPH5RHRB.js?v=176711f4 → 200 (?ms, 216145B)
[2026-03-15T02:29:14.986Z] GET http://localhost:4321/node_modules/.vite/deps/chunk-MHMTZ27E.js?v=176711f4 → 200 (7ms, 123003B)
[2026-03-15T02:29:15.002Z] GET http://localhost:4321/node_modules/.vite/deps/chunk-6CIVEWMC.js?v=176711f4 → 200 (?ms, 680B)
[2026-03-15T02:29:15.015Z] GET http://localhost:4321/Users/tom/Documents/source_code/Nyx_landing/src/components/LanguageSwitcher.tsx → 200 (8ms, 5334B)
[2026-03-15T02:29:15.015Z] GET http://localhost:4321/@id/@astrojs/react/client.js → 200 (8ms, 4723B)
[2026-03-15T02:29:15.016Z] GET http://localhost:4321/Users/tom/Documents/source_code/Nyx_landing/src/components/MobileMenu.tsx → 200 (7ms, 11638B)
[2026-03-15T02:29:15.023Z] GET http://localhost:4321/node_modules/.vite/deps/react_jsx-dev-runtime.js?v=e1922aee → 200 (1ms, 12503B)
[2026-03-15T02:29:15.024Z] GET http://localhost:4321/node_modules/.vite/deps/chunk-TMQEGJQE.js?v=176711f4 → 200 (1ms, 1005614B)
[2026-03-15T02:29:15.025Z] GET http://localhost:4321/node_modules/.vite/deps/chunk-MEGOR7ID.js?v=176711f4 → 200 (?ms, 16410B)
[2026-03-15T02:29:15.029Z] GET http://localhost:4321/node_modules/.vite/deps/chunk-DEYIUA6C.js?v=176711f4 → 200 (?ms, 45692B)
[2026-03-15T02:29:15.030Z] GET http://localhost:4321/node_modules/.vite/deps/react.js?v=e1922aee → 200 (?ms, 1024B)
[2026-03-15T02:29:15.045Z] GET http://localhost:4321/images/mascot.png → 404 (86ms, ?B)
[2026-03-15T02:29:15.131Z] GET http://localhost:4321/images/app-screenshot-1.png → 404 (23ms, ?B)
[2026-03-15T02:29:15.155Z] GET http://localhost:4321/images/app-screenshot-2.png → 404 (49ms, ?B)
[2026-03-15T02:29:15.759Z] GET http://localhost:4321/images/mascot.png → 404 (16ms, ?B)
[2026-03-15T02:29:15.775Z] GET http://localhost:4321/images/app-screenshot-1.png → 404 (13ms, ?B)
[2026-03-15T02:29:15.788Z] GET http://localhost:4321/images/app-screenshot-2.png → 404 (12ms, ?B)
[2026-03-15T02:29:16.003Z] GET http://localhost:4321/images/mascot.png → 404 (11ms, ?B)
[2026-03-15T02:29:16.014Z] GET http://localhost:4321/images/app-screenshot-1.png → 404 (13ms, ?B)
[2026-03-15T02:29:16.028Z] GET http://localhost:4321/images/app-screenshot-2.png → 404 (10ms, ?B)
[2026-03-15T02:29:27.296Z] GET http://localhost:4321/ → 200 (26ms, 106508B)
[2026-03-15T02:29:27.327Z] GET https://fonts.googleapis.com/css2?family=Inter:wght@300;400;500;600;700;800&display=swap → 200 (1ms, 15042B)
[2026-03-15T02:29:27.328Z] GET http://localhost:4321/@vite/client → 304 (6ms, ?B)
[2026-03-15T02:29:27.328Z] GET http://localhost:4321/@id/astro/runtime/client/dev-toolbar/entrypoint.js → 304 (7ms, ?B)
[2026-03-15T02:29:27.328Z] GET http://localhost:4321/src/styles/global.css → 304 (7ms, ?B)
[2026-03-15T02:29:27.333Z] GET http://localhost:4321/images/mascot.png → 404 (28ms, 4311B)
[2026-03-15T02:29:27.334Z] GET http://localhost:4321/@id/astro:scripts/before-hydration.js → 304 (3ms, ?B)
[2026-03-15T02:29:27.334Z] GET http://localhost:4321/images/app-screenshot-1.png → 404 (28ms, 4321B)
[2026-03-15T02:29:27.334Z] GET http://localhost:4321/images/app-screenshot-2.png → 404 (28ms, 4321B)
[2026-03-15T02:29:27.336Z] GET http://localhost:4321/node_modules/.pnpm/vite@7.3.1_jiti@2.6.1_lightningcss@1.31.1_yaml@2.8.2/node_modules/vite/dist/client/env.mjs → 304 (38ms, ?B)
[2026-03-15T02:29:27.336Z] GET http://localhost:4321/node_modules/.vite/deps/chunk-GCMJ7K6N.js?v=176711f4 → 200 (?ms, 2813B)
[2026-03-15T02:29:27.336Z] GET http://localhost:4321/node_modules/.vite/deps/chunk-UBFS37DA.js?v=176711f4 → 200 (?ms, 4857B)
[2026-03-15T02:29:27.336Z] GET http://localhost:4321/node_modules/.vite/deps/chunk-5WRI5ZAA.js?v=176711f4 → 200 (?ms, 7184B)
[2026-03-15T02:29:27.336Z] GET http://localhost:4321/@id/__x00__astro:toolbar:internal → 304 (37ms, ?B)
[2026-03-15T02:29:27.337Z] GET http://localhost:4321/@react-refresh → 304 (36ms, ?B)
[2026-03-15T02:29:27.357Z] GET https://fonts.gstatic.com/s/inter/v20/UcC73FwrK3iLTeHuS_nVMrMxCp50SjIa2pL7W0Q5n-wU.woff2 → 200 (?ms, ?B)
[2026-03-15T02:29:27.358Z] GET https://fonts.gstatic.com/s/inter/v20/UcC73FwrK3iLTeHuS_nVMrMxCp50SjIa25L7W0Q5n-wU.woff2 → 200 (?ms, ?B)
[2026-03-15T02:29:27.358Z] GET https://fonts.gstatic.com/s/inter/v20/UcC73FwrK3iLTeHuS_nVMrMxCp50SjIa1ZL7W0Q5nw.woff2 → 200 (2ms, ?B)
[2026-03-15T02:29:27.377Z] GET http://localhost:4321/node_modules/.vite/deps/astro-BE6YECNS.js?v=176711f4 → 200 (?ms, 20663B)
[2026-03-15T02:29:27.377Z] GET http://localhost:4321/node_modules/.vite/deps/audit-WLTWP44L.js?v=176711f4 → 200 (?ms, 52528B)
[2026-03-15T02:29:27.377Z] GET http://localhost:4321/node_modules/.vite/deps/xray-CIFJOFPU.js?v=176711f4 → 200 (1ms, 5722B)
[2026-03-15T02:29:27.378Z] GET http://localhost:4321/node_modules/.vite/deps/settings-F2ISS3QH.js?v=176711f4 → 200 (?ms, 6392B)
[2026-03-15T02:29:27.378Z] GET http://localhost:4321/node_modules/.vite/deps/toolbar-SW6GNZV3.js?v=176711f4 → 200 (?ms, 15789B)
[2026-03-15T02:29:27.378Z] GET http://localhost:4321/node_modules/.vite/deps/ui-library-RRNAZ76X.js?v=176711f4 → 200 (?ms, 29524B)
[2026-03-15T02:29:27.388Z] GET http://localhost:4321/node_modules/.vite/deps/chunk-NW3GSXF7.js?v=176711f4 → 200 (1ms, 1716B)
[2026-03-15T02:29:27.404Z] GET http://localhost:4321/node_modules/.vite/deps/chunk-IVCLOU5T.js?v=176711f4 → 200 (?ms, 48717B)
[2026-03-15T02:29:27.426Z] GET http://localhost:4321/node_modules/.vite/deps/chunk-MUZKV7YD.js?v=176711f4 → 200 (1ms, 2456B)
[2026-03-15T02:29:27.427Z] GET http://localhost:4321/node_modules/.vite/deps/chunk-ZPH5RHRB.js?v=176711f4 → 200 (?ms, 216145B)
[2026-03-15T02:29:27.428Z] GET http://localhost:4321/node_modules/.vite/deps/chunk-MHMTZ27E.js?v=176711f4 → 200 (5ms, 123003B)
[2026-03-15T02:29:27.433Z] GET http://localhost:4321/node_modules/.vite/deps/chunk-6CIVEWMC.js?v=176711f4 → 200 (?ms, 680B)
[2026-03-15T02:29:27.434Z] GET http://localhost:4321/Users/tom/Documents/source_code/Nyx_landing/src/components/MobileMenu.tsx → 304 (4ms, ?B)
[2026-03-15T02:29:27.435Z] GET http://localhost:4321/@id/@astrojs/react/client.js → 304 (3ms, ?B)
[2026-03-15T02:29:27.435Z] GET http://localhost:4321/Users/tom/Documents/source_code/Nyx_landing/src/components/LanguageSwitcher.tsx → 304 (3ms, ?B)
[2026-03-15T02:29:27.439Z] GET http://localhost:4321/node_modules/.vite/deps/react_jsx-dev-runtime.js?v=e1922aee → 200 (?ms, 12503B)
[2026-03-15T02:29:27.439Z] GET http://localhost:4321/node_modules/.vite/deps/react.js?v=e1922aee → 200 (1ms, 1024B)
[2026-03-15T02:29:27.440Z] GET http://localhost:4321/node_modules/.vite/deps/chunk-TMQEGJQE.js?v=176711f4 → 200 (?ms, 1005614B)
[2026-03-15T02:29:27.440Z] GET http://localhost:4321/node_modules/.vite/deps/chunk-MEGOR7ID.js?v=176711f4 → 200 (?ms, 16410B)
[2026-03-15T02:29:27.440Z] GET http://localhost:4321/node_modules/.vite/deps/chunk-DEYIUA6C.js?v=176711f4 → 200 (1ms, 45692B)
[2026-03-15T02:29:27.441Z] GET http://localhost:4321/images/mascot.png → 404 (52ms, ?B)
[2026-03-15T02:29:27.494Z] GET http://localhost:4321/images/app-screenshot-1.png → 404 (13ms, ?B)
[2026-03-15T02:29:27.507Z] GET http://localhost:4321/images/app-screenshot-2.png → 404 (28ms, ?B)
[2026-03-15T02:29:34.239Z] GET http://localhost:4321/ → 200 (27ms, 106554B)
[2026-03-15T02:29:34.272Z] GET https://fonts.googleapis.com/css2?family=Inter:wght@300;400;500;600;700;800&display=swap → 200 (1ms, 15042B)
[2026-03-15T02:29:34.274Z] GET http://localhost:4321/@vite/client → 304 (51ms, ?B)
[2026-03-15T02:29:34.274Z] GET http://localhost:4321/@id/astro/runtime/client/dev-toolbar/entrypoint.js → 304 (51ms, ?B)
[2026-03-15T02:29:34.274Z] GET http://localhost:4321/src/styles/global.css → 304 (53ms, ?B)
[2026-03-15T02:29:34.286Z] GET http://localhost:4321/@id/astro:scripts/before-hydration.js → 304 (40ms, ?B)
[2026-03-15T02:29:34.287Z] GET http://localhost:4321/images/mascot.png → 404 (67ms, 4311B)
[2026-03-15T02:29:34.287Z] GET http://localhost:4321/images/app-screenshot-1.png → 404 (67ms, 4321B)
[2026-03-15T02:29:34.287Z] GET http://localhost:4321/images/app-screenshot-2.png → 404 (67ms, 4321B)
[2026-03-15T02:29:34.310Z] GET https://fonts.gstatic.com/s/inter/v20/UcC73FwrK3iLTeHuS_nVMrMxCp50SjIa2pL7W0Q5n-wU.woff2 → 200 (?ms, ?B)
[2026-03-15T02:29:34.310Z] GET https://fonts.gstatic.com/s/inter/v20/UcC73FwrK3iLTeHuS_nVMrMxCp50SjIa25L7W0Q5n-wU.woff2 → 200 (?ms, ?B)
[2026-03-15T02:29:34.314Z] GET https://fonts.gstatic.com/s/inter/v20/UcC73FwrK3iLTeHuS_nVMrMxCp50SjIa1ZL7W0Q5nw.woff2 → 200 (11ms, ?B)
[2026-03-15T02:29:34.327Z] GET http://localhost:4321/node_modules/.pnpm/vite@7.3.1_jiti@2.6.1_lightningcss@1.31.1_yaml@2.8.2/node_modules/vite/dist/client/env.mjs → 304 (2ms, ?B)
[2026-03-15T02:29:34.327Z] GET http://localhost:4321/node_modules/.vite/deps/chunk-GCMJ7K6N.js?v=176711f4 → 200 (?ms, 2813B)
[2026-03-15T02:29:34.327Z] GET http://localhost:4321/node_modules/.vite/deps/chunk-UBFS37DA.js?v=176711f4 → 200 (1ms, 4857B)
[2026-03-15T02:29:34.328Z] GET http://localhost:4321/node_modules/.vite/deps/chunk-5WRI5ZAA.js?v=176711f4 → 200 (?ms, 7184B)
[2026-03-15T02:29:34.328Z] GET http://localhost:4321/@id/__x00__astro:toolbar:internal → 304 (2ms, ?B)
[2026-03-15T02:29:34.328Z] GET http://localhost:4321/@react-refresh → 304 (2ms, ?B)
[2026-03-15T02:29:34.330Z] GET http://localhost:4321/node_modules/.vite/deps/astro-BE6YECNS.js?v=176711f4 → 200 (?ms, 20663B)
[2026-03-15T02:29:34.331Z] GET http://localhost:4321/node_modules/.vite/deps/audit-WLTWP44L.js?v=176711f4 → 200 (?ms, 52528B)
[2026-03-15T02:29:34.331Z] GET http://localhost:4321/node_modules/.vite/deps/xray-CIFJOFPU.js?v=176711f4 → 200 (?ms, 5722B)
[2026-03-15T02:29:34.331Z] GET http://localhost:4321/node_modules/.vite/deps/settings-F2ISS3QH.js?v=176711f4 → 200 (2ms, 6392B)
[2026-03-15T02:29:34.333Z] GET http://localhost:4321/node_modules/.vite/deps/toolbar-SW6GNZV3.js?v=176711f4 → 200 (1ms, 15789B)
[2026-03-15T02:29:34.335Z] GET http://localhost:4321/node_modules/.vite/deps/ui-library-RRNAZ76X.js?v=176711f4 → 200 (?ms, 29524B)
[2026-03-15T02:29:34.339Z] GET http://localhost:4321/node_modules/.vite/deps/chunk-NW3GSXF7.js?v=176711f4 → 200 (?ms, 1716B)
[2026-03-15T02:29:34.339Z] GET http://localhost:4321/node_modules/.vite/deps/chunk-IVCLOU5T.js?v=176711f4 → 200 (?ms, 48717B)
[2026-03-15T02:29:34.340Z] GET http://localhost:4321/node_modules/.vite/deps/chunk-MUZKV7YD.js?v=176711f4 → 200 (?ms, 2456B)
[2026-03-15T02:29:34.340Z] GET http://localhost:4321/node_modules/.vite/deps/chunk-ZPH5RHRB.js?v=176711f4 → 200 (?ms, 216145B)
[2026-03-15T02:29:34.340Z] GET http://localhost:4321/node_modules/.vite/deps/chunk-MHMTZ27E.js?v=176711f4 → 200 (1ms, 123003B)
[2026-03-15T02:29:34.341Z] GET http://localhost:4321/node_modules/.vite/deps/chunk-6CIVEWMC.js?v=176711f4 → 200 (?ms, 680B)
[2026-03-15T02:29:34.359Z] GET http://localhost:4321/Users/tom/Documents/source_code/Nyx_landing/src/components/MobileMenu.tsx → 304 (14ms, ?B)
[2026-03-15T02:29:34.359Z] GET http://localhost:4321/@id/@astrojs/react/client.js → 304 (14ms, ?B)
[2026-03-15T02:29:34.360Z] GET http://localhost:4321/Users/tom/Documents/source_code/Nyx_landing/src/components/LanguageSwitcher.tsx → 304 (13ms, ?B)
[2026-03-15T02:29:34.374Z] GET http://localhost:4321/node_modules/.vite/deps/react_jsx-dev-runtime.js?v=e1922aee → 200 (?ms, 12503B)
[2026-03-15T02:29:34.375Z] GET http://localhost:4321/node_modules/.vite/deps/react.js?v=e1922aee → 200 (?ms, 1024B)
[2026-03-15T02:29:34.375Z] GET http://localhost:4321/node_modules/.vite/deps/chunk-TMQEGJQE.js?v=176711f4 → 200 (?ms, 1005614B)
[2026-03-15T02:29:34.375Z] GET http://localhost:4321/node_modules/.vite/deps/chunk-MEGOR7ID.js?v=176711f4 → 200 (1ms, 16410B)
[2026-03-15T02:29:34.376Z] GET http://localhost:4321/node_modules/.vite/deps/chunk-DEYIUA6C.js?v=176711f4 → 200 (?ms, 45692B)
[2026-03-15T02:29:34.389Z] GET http://localhost:4321/images/mascot.png → 404 (42ms, ?B)
[2026-03-15T02:29:34.431Z] GET http://localhost:4321/images/app-screenshot-1.png → 404 (12ms, ?B)
[2026-03-15T02:29:34.443Z] GET http://localhost:4321/images/app-screenshot-2.png → 404 (24ms, ?B)
[2026-03-15T02:29:38.473Z] GET http://localhost:4321/ → 200 (17ms, 106531B)
[2026-03-15T02:29:38.495Z] GET https://fonts.googleapis.com/css2?family=Inter:wght@300;400;500;600;700;800&display=swap → 200 (1ms, 15042B)
[2026-03-15T02:29:38.496Z] GET http://localhost:4321/@vite/client → 304 (1ms, ?B)
[2026-03-15T02:29:38.496Z] GET http://localhost:4321/@id/astro/runtime/client/dev-toolbar/entrypoint.js → 304 (1ms, ?B)
[2026-03-15T02:29:38.496Z] GET http://localhost:4321/src/styles/global.css → 304 (2ms, ?B)
[2026-03-15T02:29:38.496Z] GET http://localhost:4321/images/mascot.png → 404 (40ms, 4311B)
[2026-03-15T02:29:38.497Z] GET http://localhost:4321/@id/astro:scripts/before-hydration.js → 304 (4ms, ?B)
[2026-03-15T02:29:38.498Z] GET http://localhost:4321/node_modules/.pnpm/vite@7.3.1_jiti@2.6.1_lightningcss@1.31.1_yaml@2.8.2/node_modules/vite/dist/client/env.mjs → 304 (3ms, ?B)
[2026-03-15T02:29:38.498Z] GET http://localhost:4321/node_modules/.vite/deps/chunk-GCMJ7K6N.js?v=176711f4 → 200 (1ms, 2813B)
[2026-03-15T02:29:38.499Z] GET http://localhost:4321/node_modules/.vite/deps/chunk-UBFS37DA.js?v=176711f4 → 200 (?ms, 4857B)
[2026-03-15T02:29:38.500Z] GET http://localhost:4321/node_modules/.vite/deps/chunk-5WRI5ZAA.js?v=176711f4 → 200 (?ms, 7184B)
[2026-03-15T02:29:38.500Z] GET http://localhost:4321/@id/__x00__astro:toolbar:internal → 304 (3ms, ?B)
[2026-03-15T02:29:38.501Z] GET http://localhost:4321/images/app-screenshot-1.png → 404 (39ms, 4321B)
[2026-03-15T02:29:38.501Z] GET http://localhost:4321/images/app-screenshot-2.png → 404 (35ms, 4321B)
[2026-03-15T02:29:38.503Z] GET http://localhost:4321/@react-refresh → 304 (34ms, ?B)
[2026-03-15T02:29:38.524Z] GET https://fonts.gstatic.com/s/inter/v20/UcC73FwrK3iLTeHuS_nVMrMxCp50SjIa2pL7W0Q5n-wU.woff2 → 200 (?ms, ?B)
[2026-03-15T02:29:38.524Z] GET https://fonts.gstatic.com/s/inter/v20/UcC73FwrK3iLTeHuS_nVMrMxCp50SjIa25L7W0Q5n-wU.woff2 → 200 (?ms, ?B)
[2026-03-15T02:29:38.535Z] GET https://fonts.gstatic.com/s/inter/v20/UcC73FwrK3iLTeHuS_nVMrMxCp50SjIa1ZL7W0Q5nw.woff2 → 200 (?ms, ?B)
[2026-03-15T02:29:38.538Z] GET http://localhost:4321/node_modules/.vite/deps/astro-BE6YECNS.js?v=176711f4 → 200 (?ms, 20663B)
[2026-03-15T02:29:38.538Z] GET http://localhost:4321/node_modules/.vite/deps/audit-WLTWP44L.js?v=176711f4 → 200 (?ms, 52528B)
[2026-03-15T02:29:38.538Z] GET http://localhost:4321/node_modules/.vite/deps/xray-CIFJOFPU.js?v=176711f4 → 200 (?ms, 5722B)
[2026-03-15T02:29:38.538Z] GET http://localhost:4321/node_modules/.vite/deps/settings-F2ISS3QH.js?v=176711f4 → 200 (?ms, 6392B)
[2026-03-15T02:29:38.539Z] GET http://localhost:4321/node_modules/.vite/deps/toolbar-SW6GNZV3.js?v=176711f4 → 200 (?ms, 15789B)
[2026-03-15T02:29:38.539Z] GET http://localhost:4321/node_modules/.vite/deps/ui-library-RRNAZ76X.js?v=176711f4 → 200 (?ms, 29524B)
[2026-03-15T02:29:38.540Z] GET http://localhost:4321/node_modules/.vite/deps/chunk-NW3GSXF7.js?v=176711f4 → 200 (?ms, 1716B)
[2026-03-15T02:29:38.540Z] GET http://localhost:4321/node_modules/.vite/deps/chunk-IVCLOU5T.js?v=176711f4 → 200 (?ms, 48717B)
[2026-03-15T02:29:38.541Z] GET http://localhost:4321/node_modules/.vite/deps/chunk-MUZKV7YD.js?v=176711f4 → 200 (?ms, 2456B)
[2026-03-15T02:29:38.541Z] GET http://localhost:4321/node_modules/.vite/deps/chunk-ZPH5RHRB.js?v=176711f4 → 200 (?ms, 216145B)
[2026-03-15T02:29:38.541Z] GET http://localhost:4321/node_modules/.vite/deps/chunk-MHMTZ27E.js?v=176711f4 → 200 (?ms, 123003B)
[2026-03-15T02:29:38.542Z] GET http://localhost:4321/node_modules/.vite/deps/chunk-6CIVEWMC.js?v=176711f4 → 200 (?ms, 680B)
[2026-03-15T02:29:38.559Z] GET http://localhost:4321/Users/tom/Documents/source_code/Nyx_landing/src/components/LanguageSwitcher.tsx → 304 (7ms, ?B)
[2026-03-15T02:29:38.560Z] GET http://localhost:4321/@id/@astrojs/react/client.js → 304 (6ms, ?B)
[2026-03-15T02:29:38.560Z] GET http://localhost:4321/Users/tom/Documents/source_code/Nyx_landing/src/components/MobileMenu.tsx → 304 (8ms, ?B)
[2026-03-15T02:29:38.568Z] GET http://localhost:4321/node_modules/.vite/deps/react_jsx-dev-runtime.js?v=e1922aee → 200 (?ms, 12503B)
[2026-03-15T02:29:38.568Z] GET http://localhost:4321/node_modules/.vite/deps/chunk-TMQEGJQE.js?v=176711f4 → 200 (?ms, 1005614B)
[2026-03-15T02:29:38.569Z] GET http://localhost:4321/node_modules/.vite/deps/chunk-MEGOR7ID.js?v=176711f4 → 200 (?ms, 16410B)
[2026-03-15T02:29:38.570Z] GET http://localhost:4321/node_modules/.vite/deps/chunk-DEYIUA6C.js?v=176711f4 → 200 (?ms, 45692B)
[2026-03-15T02:29:38.570Z] GET http://localhost:4321/node_modules/.vite/deps/react.js?v=e1922aee → 200 (1ms, 1024B)
[2026-03-15T02:29:38.577Z] GET http://localhost:4321/images/mascot.png → 404 (35ms, ?B)
[2026-03-15T02:29:38.612Z] GET http://localhost:4321/images/app-screenshot-1.png → 404 (15ms, ?B)
[2026-03-15T02:29:38.627Z] GET http://localhost:4321/images/app-screenshot-2.png → 404 (7ms, ?B)
[2026-03-15T02:29:38.799Z] GET http://localhost:4321/ → 200 (17ms, 106554B)
[2026-03-15T02:29:38.824Z] GET https://fonts.googleapis.com/css2?family=Inter:wght@300;400;500;600;700;800&display=swap → 200 (1ms, 15042B)
[2026-03-15T02:29:38.825Z] GET http://localhost:4321/@vite/client → 304 (3ms, ?B)
[2026-03-15T02:29:38.827Z] GET http://localhost:4321/@id/astro/runtime/client/dev-toolbar/entrypoint.js → 304 (1ms, ?B)
[2026-03-15T02:29:38.827Z] GET http://localhost:4321/src/styles/global.css → 304 (2ms, ?B)
[2026-03-15T02:29:38.827Z] GET http://localhost:4321/@id/astro:scripts/before-hydration.js → 304 (4ms, ?B)
[2026-03-15T02:29:38.828Z] GET http://localhost:4321/images/mascot.png → 404 (59ms, 4311B)
[2026-03-15T02:29:38.829Z] GET http://localhost:4321/node_modules/.pnpm/vite@7.3.1_jiti@2.6.1_lightningcss@1.31.1_yaml@2.8.2/node_modules/vite/dist/client/env.mjs → 304 (4ms, ?B)
[2026-03-15T02:29:38.829Z] GET http://localhost:4321/node_modules/.vite/deps/chunk-GCMJ7K6N.js?v=176711f4 → 200 (?ms, 2813B)
[2026-03-15T02:29:38.829Z] GET http://localhost:4321/node_modules/.vite/deps/chunk-UBFS37DA.js?v=176711f4 → 200 (1ms, 4857B)
[2026-03-15T02:29:38.830Z] GET http://localhost:4321/node_modules/.vite/deps/chunk-5WRI5ZAA.js?v=176711f4 → 200 (?ms, 7184B)
[2026-03-15T02:29:38.830Z] GET http://localhost:4321/@id/__x00__astro:toolbar:internal → 304 (3ms, ?B)
[2026-03-15T02:29:38.830Z] GET http://localhost:4321/images/app-screenshot-1.png → 404 (43ms, 4321B)
[2026-03-15T02:29:38.831Z] GET http://localhost:4321/@react-refresh → 304 (11ms, ?B)
[2026-03-15T02:29:38.831Z] GET http://localhost:4321/images/app-screenshot-2.png → 404 (56ms, 4321B)
[2026-03-15T02:29:38.842Z] GET http://localhost:4321/Users/tom/Documents/source_code/Nyx_landing/src/components/MobileMenu.tsx → 304 (24ms, ?B)
[2026-03-15T02:29:38.842Z] GET http://localhost:4321/@id/@astrojs/react/client.js → 304 (24ms, ?B)
[2026-03-15T02:29:38.842Z] GET http://localhost:4321/Users/tom/Documents/source_code/Nyx_landing/src/components/LanguageSwitcher.tsx → 304 (24ms, ?B)
[2026-03-15T02:29:38.854Z] GET https://fonts.gstatic.com/s/inter/v20/UcC73FwrK3iLTeHuS_nVMrMxCp50SjIa2pL7W0Q5n-wU.woff2 → 200 (?ms, ?B)
[2026-03-15T02:29:38.855Z] GET https://fonts.gstatic.com/s/inter/v20/UcC73FwrK3iLTeHuS_nVMrMxCp50SjIa25L7W0Q5n-wU.woff2 → 200 (?ms, ?B)
[2026-03-15T02:29:38.855Z] GET https://fonts.gstatic.com/s/inter/v20/UcC73FwrK3iLTeHuS_nVMrMxCp50SjIa1ZL7W0Q5nw.woff2 → 200 (1ms, ?B)
[2026-03-15T02:29:38.867Z] GET http://localhost:4321/node_modules/.vite/deps/astro-BE6YECNS.js?v=176711f4 → 200 (1ms, 20663B)
[2026-03-15T02:29:38.868Z] GET http://localhost:4321/node_modules/.vite/deps/audit-WLTWP44L.js?v=176711f4 → 200 (?ms, 52528B)
[2026-03-15T02:29:38.869Z] GET http://localhost:4321/node_modules/.vite/deps/xray-CIFJOFPU.js?v=176711f4 → 200 (?ms, 5722B)
[2026-03-15T02:29:38.870Z] GET http://localhost:4321/node_modules/.vite/deps/settings-F2ISS3QH.js?v=176711f4 → 200 (?ms, 6392B)
[2026-03-15T02:29:38.870Z] GET http://localhost:4321/node_modules/.vite/deps/toolbar-SW6GNZV3.js?v=176711f4 → 200 (?ms, 15789B)
[2026-03-15T02:29:38.871Z] GET http://localhost:4321/node_modules/.vite/deps/ui-library-RRNAZ76X.js?v=176711f4 → 200 (1ms, 29524B)
[2026-03-15T02:29:38.873Z] GET http://localhost:4321/node_modules/.vite/deps/react_jsx-dev-runtime.js?v=e1922aee → 200 (?ms, 12503B)
[2026-03-15T02:29:38.875Z] GET http://localhost:4321/node_modules/.vite/deps/react.js?v=e1922aee → 200 (?ms, 1024B)
[2026-03-15T02:29:38.875Z] GET http://localhost:4321/node_modules/.vite/deps/chunk-TMQEGJQE.js?v=176711f4 → 200 (?ms, 1005614B)
[2026-03-15T02:29:38.875Z] GET http://localhost:4321/node_modules/.vite/deps/chunk-MEGOR7ID.js?v=176711f4 → 200 (6ms, 16410B)
[2026-03-15T02:29:38.881Z] GET http://localhost:4321/node_modules/.vite/deps/chunk-DEYIUA6C.js?v=176711f4 → 200 (?ms, 45692B)
[2026-03-15T02:29:38.882Z] GET http://localhost:4321/node_modules/.vite/deps/chunk-NW3GSXF7.js?v=176711f4 → 200 (3ms, 1716B)
[2026-03-15T02:29:38.885Z] GET http://localhost:4321/node_modules/.vite/deps/chunk-IVCLOU5T.js?v=176711f4 → 200 (?ms, 48717B)
[2026-03-15T02:29:38.886Z] GET http://localhost:4321/node_modules/.vite/deps/chunk-MUZKV7YD.js?v=176711f4 → 200 (?ms, 2456B)
[2026-03-15T02:29:38.886Z] GET http://localhost:4321/node_modules/.vite/deps/chunk-ZPH5RHRB.js?v=176711f4 → 200 (?ms, 216145B)
[2026-03-15T02:29:38.886Z] GET http://localhost:4321/node_modules/.vite/deps/chunk-MHMTZ27E.js?v=176711f4 → 200 (?ms, 123003B)
[2026-03-15T02:29:38.886Z] GET http://localhost:4321/node_modules/.vite/deps/chunk-6CIVEWMC.js?v=176711f4 → 200 (1ms, 680B)
[2026-03-15T02:29:38.961Z] GET http://localhost:4321/images/mascot.png → pending (?ms, ?B)
[2026-03-15T02:29:38.980Z] GET http://localhost:4321/images/app-screenshot-1.png → 404 (18ms, ?B)
[2026-03-15T02:29:38.998Z] GET http://localhost:4321/images/app-screenshot-2.png → 404 (26ms, ?B)
[2026-03-15T02:29:53.665Z] GET http://localhost:4321/ → pending (?ms, ?B)
[2026-03-15T02:29:54.678Z] GET https://fonts.googleapis.com/css2?family=Inter:wght@300;400;500;600;700;800&display=swap → 200 (?ms, 15042B)
[2026-03-15T02:29:54.706Z] GET http://localhost:4321/@vite/client → 200 (16ms, 294360B)
[2026-03-15T02:29:54.706Z] GET http://localhost:4321/@id/astro/runtime/client/dev-toolbar/entrypoint.js → 200 (?ms, 9749B)
[2026-03-15T02:29:54.706Z] GET http://localhost:4321/src/styles/global.css → 200 (72ms, 44777B)
[2026-03-15T02:29:54.706Z] GET http://localhost:4321/@id/astro:scripts/before-hydration.js → 200 (17ms, 988B)
[2026-03-15T02:29:54.715Z] GET http://localhost:4321/node_modules/.vite/deps/chunk-GCMJ7K6N.js?v=176711f4 → 200 (?ms, 2813B)
[2026-03-15T02:29:54.715Z] GET http://localhost:4321/node_modules/.vite/deps/chunk-UBFS37DA.js?v=176711f4 → 200 (?ms, 4857B)
[2026-03-15T02:29:54.722Z] GET http://localhost:4321/node_modules/.vite/deps/chunk-5WRI5ZAA.js?v=176711f4 → 200 (?ms, 7184B)
[2026-03-15T02:29:54.722Z] GET http://localhost:4321/@id/__x00__astro:toolbar:internal → 200 (3ms, 8955B)
[2026-03-15T02:29:54.723Z] GET http://localhost:4321/node_modules/.pnpm/vite@7.3.1_jiti@2.6.1_lightningcss@1.31.1_yaml@2.8.2/node_modules/vite/dist/client/env.mjs → 200 (3ms, 3478B)
[2026-03-15T02:29:54.723Z] GET http://localhost:4321/@react-refresh → 200 (77ms, 111894B)
[2026-03-15T02:29:54.726Z] GET https://fonts.gstatic.com/s/inter/v20/UcC73FwrK3iLTeHuS_nVMrMxCp50SjIa2pL7W0Q5n-wU.woff2 → 200 (?ms, ?B)
[2026-03-15T02:29:54.757Z] GET https://fonts.gstatic.com/s/inter/v20/UcC73FwrK3iLTeHuS_nVMrMxCp50SjIa25L7W0Q5n-wU.woff2 → 200 (?ms, ?B)
[2026-03-15T02:29:54.757Z] GET https://fonts.gstatic.com/s/inter/v20/UcC73FwrK3iLTeHuS_nVMrMxCp50SjIa1ZL7W0Q5nw.woff2 → 200 (?ms, ?B)
[2026-03-15T02:29:54.778Z] GET http://localhost:4321/node_modules/.vite/deps/astro-BE6YECNS.js?v=176711f4 → 200 (?ms, 20663B)
[2026-03-15T02:29:54.789Z] GET http://localhost:4321/node_modules/.vite/deps/audit-WLTWP44L.js?v=176711f4 → 200 (?ms, 52528B)
[2026-03-15T02:29:54.789Z] GET http://localhost:4321/node_modules/.vite/deps/xray-CIFJOFPU.js?v=176711f4 → 200 (?ms, 5722B)
[2026-03-15T02:29:54.790Z] GET http://localhost:4321/node_modules/.vite/deps/settings-F2ISS3QH.js?v=176711f4 → 200 (2ms, 6392B)
[2026-03-15T02:29:54.792Z] GET http://localhost:4321/node_modules/.vite/deps/toolbar-SW6GNZV3.js?v=176711f4 → 200 (?ms, 15789B)
[2026-03-15T02:29:54.793Z] GET http://localhost:4321/node_modules/.vite/deps/ui-library-RRNAZ76X.js?v=176711f4 → 200 (?ms, 29524B)
[2026-03-15T02:29:54.795Z] GET http://localhost:4321/node_modules/.vite/deps/chunk-NW3GSXF7.js?v=176711f4 → 200 (?ms, 1716B)
[2026-03-15T02:29:54.796Z] GET http://localhost:4321/node_modules/.vite/deps/chunk-IVCLOU5T.js?v=176711f4 → 200 (?ms, 48717B)
[2026-03-15T02:29:54.798Z] GET http://localhost:4321/node_modules/.vite/deps/chunk-MUZKV7YD.js?v=176711f4 → 200 (?ms, 2456B)
[2026-03-15T02:29:54.798Z] GET http://localhost:4321/node_modules/.vite/deps/chunk-ZPH5RHRB.js?v=176711f4 → 200 (?ms, 216145B)
[2026-03-15T02:29:54.798Z] GET http://localhost:4321/node_modules/.vite/deps/chunk-MHMTZ27E.js?v=176711f4 → 200 (2ms, 123003B)
[2026-03-15T02:29:54.800Z] GET http://localhost:4321/node_modules/.vite/deps/chunk-6CIVEWMC.js?v=176711f4 → 200 (?ms, 680B)
[2026-03-15T02:29:54.810Z] GET http://localhost:4321/Users/tom/Documents/source_code/Nyx_landing/src/components/LanguageSwitcher.tsx → 200 (1ms, 5334B)
[2026-03-15T02:29:54.811Z] GET http://localhost:4321/@id/@astrojs/react/client.js → 200 (1ms, 4723B)
[2026-03-15T02:29:54.811Z] GET http://localhost:4321/node_modules/.vite/deps/react_jsx-dev-runtime.js?v=e1922aee → 200 (1ms, 12503B)
[2026-03-15T02:29:54.812Z] GET http://localhost:4321/node_modules/.vite/deps/chunk-DEYIUA6C.js?v=176711f4 → 200 (?ms, 45692B)
[2026-03-15T02:29:54.812Z] GET http://localhost:4321/node_modules/.vite/deps/chunk-TMQEGJQE.js?v=176711f4 → 200 (1ms, 1005614B)
[2026-03-15T02:29:54.814Z] GET http://localhost:4321/node_modules/.vite/deps/chunk-MEGOR7ID.js?v=176711f4 → 200 (?ms, 16410B)
[2026-03-15T02:29:55.441Z] GET http://localhost:4321/ → 200 (326ms, 51989B)
[2026-03-15T02:29:55.771Z] GET https://fonts.googleapis.com/css2?family=Inter:wght@300;400;500;600;700;800&display=swap → 200 (?ms, 15042B)
[2026-03-15T02:29:55.771Z] GET http://localhost:4321/@vite/client → 304 (5ms, ?B)
[2026-03-15T02:29:55.773Z] GET http://localhost:4321/@id/astro/runtime/client/dev-toolbar/entrypoint.js → 304 (3ms, ?B)
[2026-03-15T02:29:55.773Z] GET http://localhost:4321/src/styles/global.css → 304 (21ms, ?B)
[2026-03-15T02:29:55.774Z] GET http://localhost:4321/@id/astro:scripts/before-hydration.js → 304 (5ms, ?B)
[2026-03-15T02:29:55.777Z] GET http://localhost:4321/node_modules/.pnpm/vite@7.3.1_jiti@2.6.1_lightningcss@1.31.1_yaml@2.8.2/node_modules/vite/dist/client/env.mjs → 304 (5ms, ?B)
[2026-03-15T02:29:55.777Z] GET http://localhost:4321/node_modules/.vite/deps/chunk-GCMJ7K6N.js?v=176711f4 → 200 (?ms, 2813B)
[2026-03-15T02:29:55.777Z] GET http://localhost:4321/node_modules/.vite/deps/chunk-UBFS37DA.js?v=176711f4 → 200 (?ms, 4857B)
[2026-03-15T02:29:55.777Z] GET http://localhost:4321/node_modules/.vite/deps/chunk-5WRI5ZAA.js?v=176711f4 → 200 (1ms, 7184B)
[2026-03-15T02:29:55.778Z] GET http://localhost:4321/@id/__x00__astro:toolbar:internal → 304 (18ms, ?B)
[2026-03-15T02:29:55.782Z] GET http://localhost:4321/@react-refresh → 304 (14ms, ?B)
[2026-03-15T02:29:55.792Z] GET https://fonts.gstatic.com/s/inter/v20/UcC73FwrK3iLTeHuS_nVMrMxCp50SjIa2pL7W0Q5n-wU.woff2 → 200 (?ms, ?B)
[2026-03-15T02:29:55.793Z] GET https://fonts.gstatic.com/s/inter/v20/UcC73FwrK3iLTeHuS_nVMrMxCp50SjIa25L7W0Q5n-wU.woff2 → 200 (?ms, ?B)
[2026-03-15T02:29:55.793Z] GET https://fonts.gstatic.com/s/inter/v20/UcC73FwrK3iLTeHuS_nVMrMxCp50SjIa1ZL7W0Q5nw.woff2 → 200 (1ms, ?B)
[2026-03-15T02:29:55.797Z] GET http://localhost:4321/node_modules/.vite/deps/astro-BE6YECNS.js?v=176711f4 → 200 (?ms, 20663B)
[2026-03-15T02:29:55.798Z] GET http://localhost:4321/node_modules/.vite/deps/audit-WLTWP44L.js?v=176711f4 → 200 (?ms, 52528B)
[2026-03-15T02:29:55.798Z] GET http://localhost:4321/node_modules/.vite/deps/xray-CIFJOFPU.js?v=176711f4 → 200 (1ms, 5722B)
[2026-03-15T02:29:55.799Z] GET http://localhost:4321/node_modules/.vite/deps/settings-F2ISS3QH.js?v=176711f4 → 200 (?ms, 6392B)
[2026-03-15T02:29:55.799Z] GET http://localhost:4321/node_modules/.vite/deps/toolbar-SW6GNZV3.js?v=176711f4 → 200 (?ms, 15789B)
[2026-03-15T02:29:55.799Z] GET http://localhost:4321/node_modules/.vite/deps/ui-library-RRNAZ76X.js?v=176711f4 → 200 (?ms, 29524B)
[2026-03-15T02:29:55.802Z] GET http://localhost:4321/node_modules/.vite/deps/chunk-NW3GSXF7.js?v=176711f4 → 200 (?ms, 1716B)
[2026-03-15T02:29:55.802Z] GET http://localhost:4321/node_modules/.vite/deps/chunk-IVCLOU5T.js?v=176711f4 → 200 (?ms, 48717B)
[2026-03-15T02:29:55.803Z] GET http://localhost:4321/node_modules/.vite/deps/chunk-MUZKV7YD.js?v=176711f4 → 200 (?ms, 2456B)
[2026-03-15T02:29:55.803Z] GET http://localhost:4321/node_modules/.vite/deps/chunk-ZPH5RHRB.js?v=176711f4 → 200 (?ms, 216145B)
[2026-03-15T02:29:55.803Z] GET http://localhost:4321/node_modules/.vite/deps/chunk-MHMTZ27E.js?v=176711f4 → 200 (5ms, 123003B)
[2026-03-15T02:29:55.808Z] GET http://localhost:4321/node_modules/.vite/deps/chunk-6CIVEWMC.js?v=176711f4 → 200 (?ms, 680B)
[2026-03-15T02:29:55.814Z] GET http://localhost:4321/Users/tom/Documents/source_code/Nyx_landing/src/components/LanguageSwitcher.tsx → 304 (7ms, ?B)
[2026-03-15T02:29:55.815Z] GET http://localhost:4321/@id/@astrojs/react/client.js → 304 (6ms, ?B)
[2026-03-15T02:29:55.824Z] GET http://localhost:4321/node_modules/.vite/deps/react_jsx-dev-runtime.js?v=e1922aee → 200 (?ms, 12503B)
[2026-03-15T02:29:55.824Z] GET http://localhost:4321/node_modules/.vite/deps/chunk-TMQEGJQE.js?v=176711f4 → 200 (?ms, 1005614B)
[2026-03-15T02:29:55.824Z] GET http://localhost:4321/node_modules/.vite/deps/chunk-MEGOR7ID.js?v=176711f4 → 200 (?ms, 16410B)
[2026-03-15T02:29:55.825Z] GET http://localhost:4321/node_modules/.vite/deps/chunk-DEYIUA6C.js?v=176711f4 → 200 (3ms, 45692B)
[2026-03-15T02:31:52.346Z] GET http://localhost:4321/ → 200 (148ms, 106563B)
[2026-03-15T02:31:52.508Z] GET https://fonts.googleapis.com/css2?family=Inter:wght@300;400;500;600;700;800&display=swap → 200 (?ms, 15042B)
[2026-03-15T02:31:52.510Z] GET http://localhost:4321/@vite/client → 200 (15ms, 294360B)
[2026-03-15T02:31:52.510Z] GET http://localhost:4321/@id/astro/runtime/client/dev-toolbar/entrypoint.js → 200 (12ms, 9749B)
[2026-03-15T02:31:52.511Z] GET http://localhost:4321/src/styles/global.css → 200 (82ms, 44777B)
[2026-03-15T02:31:52.511Z] GET http://localhost:4321/images/mascot.png → 404 (98ms, 4311B)
[2026-03-15T02:31:52.515Z] GET http://localhost:4321/@id/astro:scripts/before-hydration.js → 200 (11ms, 988B)
[2026-03-15T02:31:52.515Z] GET http://localhost:4321/images/app-screenshot-1.png → 404 (90ms, 4321B)
[2026-03-15T02:31:52.515Z] GET http://localhost:4321/images/app-screenshot-2.png → 404 (90ms, 4321B)
[2026-03-15T02:31:52.522Z] GET http://localhost:4321/node_modules/.vite/deps/chunk-GCMJ7K6N.js?v=176711f4 → 200 (?ms, 2813B)
[2026-03-15T02:31:52.523Z] GET http://localhost:4321/node_modules/.vite/deps/chunk-UBFS37DA.js?v=176711f4 → 200 (?ms, 4857B)
[2026-03-15T02:31:52.524Z] GET http://localhost:4321/node_modules/.vite/deps/chunk-5WRI5ZAA.js?v=176711f4 → 200 (?ms, 7184B)
[2026-03-15T02:31:52.525Z] GET http://localhost:4321/@id/__x00__astro:toolbar:internal → 200 (3ms, 8955B)
[2026-03-15T02:31:52.525Z] GET http://localhost:4321/node_modules/.pnpm/vite@7.3.1_jiti@2.6.1_lightningcss@1.31.1_yaml@2.8.2/node_modules/vite/dist/client/env.mjs → 200 (48ms, 3478B)
[2026-03-15T02:31:52.527Z] GET http://localhost:4321/@react-refresh → 200 (47ms, 111894B)
[2026-03-15T02:31:52.566Z] GET https://fonts.gstatic.com/s/inter/v20/UcC73FwrK3iLTeHuS_nVMrMxCp50SjIa2pL7W0Q5n-wU.woff2 → 200 (?ms, ?B)
[2026-03-15T02:31:52.566Z] GET https://fonts.gstatic.com/s/inter/v20/UcC73FwrK3iLTeHuS_nVMrMxCp50SjIa25L7W0Q5n-wU.woff2 → 200 (?ms, ?B)
[2026-03-15T02:31:52.566Z] GET https://fonts.gstatic.com/s/inter/v20/UcC73FwrK3iLTeHuS_nVMrMxCp50SjIa1ZL7W0Q5nw.woff2 → 200 (3ms, ?B)
[2026-03-15T02:31:52.602Z] GET http://localhost:4321/Users/tom/Documents/source_code/Nyx_landing/src/components/LanguageSwitcher.tsx → 200 (7ms, 5334B)
[2026-03-15T02:31:52.602Z] GET http://localhost:4321/@id/@astrojs/react/client.js → 200 (7ms, 4723B)
[2026-03-15T02:31:52.602Z] GET http://localhost:4321/Users/tom/Documents/source_code/Nyx_landing/src/components/MobileMenu.tsx → 200 (20ms, 11638B)
[2026-03-15T02:31:52.602Z] GET http://localhost:4321/node_modules/.vite/deps/astro-BE6YECNS.js?v=176711f4 → 200 (1ms, 20663B)
[2026-03-15T02:31:52.603Z] GET http://localhost:4321/node_modules/.vite/deps/audit-WLTWP44L.js?v=176711f4 → 200 (?ms, 52528B)
[2026-03-15T02:31:52.603Z] GET http://localhost:4321/node_modules/.vite/deps/xray-CIFJOFPU.js?v=176711f4 → 200 (?ms, 5722B)
[2026-03-15T02:31:52.604Z] GET http://localhost:4321/node_modules/.vite/deps/settings-F2ISS3QH.js?v=176711f4 → 200 (?ms, 6392B)
[2026-03-15T02:31:52.604Z] GET http://localhost:4321/node_modules/.vite/deps/toolbar-SW6GNZV3.js?v=176711f4 → 200 (?ms, 15789B)
[2026-03-15T02:31:52.604Z] GET http://localhost:4321/node_modules/.vite/deps/ui-library-RRNAZ76X.js?v=176711f4 → 200 (?ms, 29524B)
[2026-03-15T02:31:52.606Z] GET http://localhost:4321/node_modules/.vite/deps/chunk-NW3GSXF7.js?v=176711f4 → 200 (?ms, 1716B)
[2026-03-15T02:31:52.606Z] GET http://localhost:4321/node_modules/.vite/deps/chunk-IVCLOU5T.js?v=176711f4 → 200 (?ms, 48717B)
[2026-03-15T02:31:52.606Z] GET http://localhost:4321/node_modules/.vite/deps/chunk-MUZKV7YD.js?v=176711f4 → 200 (?ms, 2456B)
[2026-03-15T02:31:52.606Z] GET http://localhost:4321/node_modules/.vite/deps/chunk-ZPH5RHRB.js?v=176711f4 → 200 (1ms, 216145B)
[2026-03-15T02:31:52.607Z] GET http://localhost:4321/node_modules/.vite/deps/chunk-MHMTZ27E.js?v=176711f4 → 200 (?ms, 123003B)
[2026-03-15T02:31:52.607Z] GET http://localhost:4321/node_modules/.vite/deps/chunk-6CIVEWMC.js?v=176711f4 → 200 (?ms, 680B)
[2026-03-15T02:31:52.623Z] GET http://localhost:4321/node_modules/.vite/deps/react_jsx-dev-runtime.js?v=e1922aee → 200 (?ms, 12503B)
[2026-03-15T02:31:52.640Z] GET http://localhost:4321/node_modules/.vite/deps/chunk-TMQEGJQE.js?v=176711f4 → 200 (?ms, 1005614B)
[2026-03-15T02:31:52.641Z] GET http://localhost:4321/node_modules/.vite/deps/chunk-MEGOR7ID.js?v=176711f4 → 200 (?ms, 16410B)
[2026-03-15T02:31:52.641Z] GET http://localhost:4321/node_modules/.vite/deps/chunk-DEYIUA6C.js?v=176711f4 → 200 (?ms, 45692B)
[2026-03-15T02:31:52.649Z] GET http://localhost:4321/node_modules/.vite/deps/react.js?v=e1922aee → 200 (1ms, 1024B)
[2026-03-15T02:31:52.701Z] GET http://localhost:4321/images/mascot.png → 404 (13ms, ?B)
[2026-03-15T02:31:52.715Z] GET http://localhost:4321/images/app-screenshot-1.png → 404 (16ms, ?B)
[2026-03-15T02:31:52.731Z] GET http://localhost:4321/images/app-screenshot-2.png → 404 (13ms, ?B)
[2026-03-15T02:31:57.217Z] GET http://localhost:4321/ → 200 (97ms, 106597B)
[2026-03-15T02:31:57.318Z] GET https://fonts.googleapis.com/css2?family=Inter:wght@300;400;500;600;700;800&display=swap → 200 (?ms, 15042B)
[2026-03-15T02:31:57.319Z] GET http://localhost:4321/@vite/client → 304 (2ms, ?B)
[2026-03-15T02:31:57.319Z] GET http://localhost:4321/@id/astro/runtime/client/dev-toolbar/entrypoint.js → 304 (2ms, ?B)
[2026-03-15T02:31:57.319Z] GET http://localhost:4321/src/styles/global.css → 304 (10ms, ?B)
[2026-03-15T02:31:57.321Z] GET http://localhost:4321/@id/astro:scripts/before-hydration.js → 304 (10ms, ?B)
[2026-03-15T02:31:57.321Z] GET http://localhost:4321/images/mascot.png → 404 (42ms, 4311B)
[2026-03-15T02:31:57.322Z] GET http://localhost:4321/images/app-screenshot-1.png → 404 (41ms, 4321B)
[2026-03-15T02:31:57.322Z] GET http://localhost:4321/images/app-screenshot-2.png → 404 (41ms, 4321B)
[2026-03-15T02:31:57.322Z] GET http://localhost:4321/node_modules/.pnpm/vite@7.3.1_jiti@2.6.1_lightningcss@1.31.1_yaml@2.8.2/node_modules/vite/dist/client/env.mjs → 304 (42ms, ?B)
[2026-03-15T02:31:57.322Z] GET http://localhost:4321/node_modules/.vite/deps/chunk-GCMJ7K6N.js?v=176711f4 → 200 (?ms, 2813B)
[2026-03-15T02:31:57.323Z] GET http://localhost:4321/node_modules/.vite/deps/chunk-UBFS37DA.js?v=176711f4 → 200 (?ms, 4857B)
[2026-03-15T02:31:57.323Z] GET http://localhost:4321/node_modules/.vite/deps/chunk-5WRI5ZAA.js?v=176711f4 → 200 (?ms, 7184B)
[2026-03-15T02:31:57.323Z] GET http://localhost:4321/@id/__x00__astro:toolbar:internal → 304 (41ms, ?B)
[2026-03-15T02:31:57.331Z] GET http://localhost:4321/@react-refresh → 304 (32ms, ?B)
[2026-03-15T02:31:57.358Z] GET https://fonts.gstatic.com/s/inter/v20/UcC73FwrK3iLTeHuS_nVMrMxCp50SjIa2pL7W0Q5n-wU.woff2 → 200 (3ms, ?B)
[2026-03-15T02:31:57.361Z] GET https://fonts.gstatic.com/s/inter/v20/UcC73FwrK3iLTeHuS_nVMrMxCp50SjIa25L7W0Q5n-wU.woff2 → 200 (?ms, ?B)
[2026-03-15T02:31:57.361Z] GET https://fonts.gstatic.com/s/inter/v20/UcC73FwrK3iLTeHuS_nVMrMxCp50SjIa1ZL7W0Q5nw.woff2 → 200 (2ms, ?B)
[2026-03-15T02:31:57.368Z] GET http://localhost:4321/node_modules/.vite/deps/astro-BE6YECNS.js?v=176711f4 → 200 (?ms, 20663B)
[2026-03-15T02:31:57.368Z] GET http://localhost:4321/node_modules/.vite/deps/audit-WLTWP44L.js?v=176711f4 → 200 (?ms, 52528B)
[2026-03-15T02:31:57.374Z] GET http://localhost:4321/node_modules/.vite/deps/xray-CIFJOFPU.js?v=176711f4 → 200 (?ms, 5722B)
[2026-03-15T02:31:57.374Z] GET http://localhost:4321/node_modules/.vite/deps/settings-F2ISS3QH.js?v=176711f4 → 200 (?ms, 6392B)
[2026-03-15T02:31:57.374Z] GET http://localhost:4321/node_modules/.vite/deps/toolbar-SW6GNZV3.js?v=176711f4 → 200 (2ms, 15789B)
[2026-03-15T02:31:57.376Z] GET http://localhost:4321/node_modules/.vite/deps/ui-library-RRNAZ76X.js?v=176711f4 → 200 (?ms, 29524B)
[2026-03-15T02:31:57.390Z] GET http://localhost:4321/node_modules/.vite/deps/chunk-NW3GSXF7.js?v=176711f4 → 200 (?ms, 1716B)
[2026-03-15T02:31:57.397Z] GET http://localhost:4321/node_modules/.vite/deps/chunk-IVCLOU5T.js?v=176711f4 → 200 (?ms, 48717B)
[2026-03-15T02:31:57.397Z] GET http://localhost:4321/node_modules/.vite/deps/chunk-MUZKV7YD.js?v=176711f4 → 200 (?ms, 2456B)
[2026-03-15T02:31:57.399Z] GET http://localhost:4321/node_modules/.vite/deps/chunk-ZPH5RHRB.js?v=176711f4 → 200 (3ms, 216145B)
[2026-03-15T02:31:57.403Z] GET http://localhost:4321/node_modules/.vite/deps/chunk-MHMTZ27E.js?v=176711f4 → 200 (?ms, 123003B)
[2026-03-15T02:31:57.403Z] GET http://localhost:4321/node_modules/.vite/deps/chunk-6CIVEWMC.js?v=176711f4 → 200 (?ms, 680B)
[2026-03-15T02:31:57.405Z] GET http://localhost:4321/Users/tom/Documents/source_code/Nyx_landing/src/components/LanguageSwitcher.tsx → 304 (4ms, ?B)
[2026-03-15T02:31:57.405Z] GET http://localhost:4321/@id/@astrojs/react/client.js → 304 (4ms, ?B)
[2026-03-15T02:31:57.405Z] GET http://localhost:4321/Users/tom/Documents/source_code/Nyx_landing/src/components/MobileMenu.tsx → 304 (4ms, ?B)
[2026-03-15T02:31:57.410Z] GET http://localhost:4321/node_modules/.vite/deps/react_jsx-dev-runtime.js?v=e1922aee → 200 (?ms, 12503B)
[2026-03-15T02:31:57.410Z] GET http://localhost:4321/node_modules/.vite/deps/chunk-TMQEGJQE.js?v=176711f4 → 200 (5ms, 1005614B)
[2026-03-15T02:31:57.415Z] GET http://localhost:4321/node_modules/.vite/deps/chunk-MEGOR7ID.js?v=176711f4 → 200 (?ms, 16410B)
[2026-03-15T02:31:57.415Z] GET http://localhost:4321/node_modules/.vite/deps/chunk-DEYIUA6C.js?v=176711f4 → 200 (?ms, 45692B)
[2026-03-15T02:31:57.416Z] GET http://localhost:4321/node_modules/.vite/deps/react.js?v=e1922aee → 200 (?ms, 1024B)
[2026-03-15T02:31:57.426Z] GET http://localhost:4321/images/mascot.png → 404 (43ms, ?B)
[2026-03-15T02:31:57.469Z] GET http://localhost:4321/images/app-screenshot-1.png → 404 (12ms, ?B)
[2026-03-15T02:31:57.481Z] GET http://localhost:4321/images/app-screenshot-2.png → 404 (13ms, ?B)
[2026-03-15T02:31:58.218Z] GET http://localhost:4321/ → 200 (90ms, 106589B)
[2026-03-15T02:31:58.312Z] GET https://fonts.googleapis.com/css2?family=Inter:wght@300;400;500;600;700;800&display=swap → 200 (?ms, 15042B)
[2026-03-15T02:31:58.313Z] GET http://localhost:4321/@vite/client → 304 (?ms, ?B)
[2026-03-15T02:31:58.313Z] GET http://localhost:4321/@id/astro/runtime/client/dev-toolbar/entrypoint.js → 304 (2ms, ?B)
[2026-03-15T02:31:58.313Z] GET http://localhost:4321/src/styles/global.css → 304 (32ms, ?B)
[2026-03-15T02:31:58.315Z] GET http://localhost:4321/@id/astro:scripts/before-hydration.js → 304 (30ms, ?B)
[2026-03-15T02:31:58.315Z] GET http://localhost:4321/images/mascot.png → 404 (62ms, 4311B)
[2026-03-15T02:31:58.316Z] GET http://localhost:4321/node_modules/.pnpm/vite@7.3.1_jiti@2.6.1_lightningcss@1.31.1_yaml@2.8.2/node_modules/vite/dist/client/env.mjs → 304 (29ms, ?B)
[2026-03-15T02:31:58.316Z] GET http://localhost:4321/images/app-screenshot-1.png → 404 (57ms, 4321B)
[2026-03-15T02:31:58.316Z] GET http://localhost:4321/images/app-screenshot-2.png → 404 (62ms, 4321B)
[2026-03-15T02:31:58.316Z] GET http://localhost:4321/node_modules/.vite/deps/chunk-GCMJ7K6N.js?v=176711f4 → 200 (?ms, 2813B)
[2026-03-15T02:31:58.316Z] GET http://localhost:4321/node_modules/.vite/deps/chunk-UBFS37DA.js?v=176711f4 → 200 (1ms, 4857B)
[2026-03-15T02:31:58.317Z] GET http://localhost:4321/node_modules/.vite/deps/chunk-5WRI5ZAA.js?v=176711f4 → 200 (?ms, 7184B)
[2026-03-15T02:31:58.317Z] GET http://localhost:4321/@id/__x00__astro:toolbar:internal → 304 (28ms, ?B)
[2026-03-15T02:31:58.339Z] GET https://fonts.gstatic.com/s/inter/v20/UcC73FwrK3iLTeHuS_nVMrMxCp50SjIa2pL7W0Q5n-wU.woff2 → 200 (?ms, ?B)
[2026-03-15T02:31:58.340Z] GET https://fonts.gstatic.com/s/inter/v20/UcC73FwrK3iLTeHuS_nVMrMxCp50SjIa25L7W0Q5n-wU.woff2 → 200 (?ms, ?B)
[2026-03-15T02:31:58.342Z] GET https://fonts.gstatic.com/s/inter/v20/UcC73FwrK3iLTeHuS_nVMrMxCp50SjIa1ZL7W0Q5nw.woff2 → 200 (?ms, ?B)
[2026-03-15T02:31:58.350Z] GET http://localhost:4321/@react-refresh → 304 (2ms, ?B)
[2026-03-15T02:31:58.353Z] GET http://localhost:4321/node_modules/.vite/deps/astro-BE6YECNS.js?v=176711f4 → 200 (?ms, 20663B)
[2026-03-15T02:31:58.353Z] GET http://localhost:4321/node_modules/.vite/deps/audit-WLTWP44L.js?v=176711f4 → 200 (?ms, 52528B)
[2026-03-15T02:31:58.353Z] GET http://localhost:4321/node_modules/.vite/deps/xray-CIFJOFPU.js?v=176711f4 → 200 (?ms, 5722B)
[2026-03-15T02:31:58.353Z] GET http://localhost:4321/node_modules/.vite/deps/settings-F2ISS3QH.js?v=176711f4 → 200 (?ms, 6392B)
[2026-03-15T02:31:58.354Z] GET http://localhost:4321/node_modules/.vite/deps/toolbar-SW6GNZV3.js?v=176711f4 → 200 (?ms, 15789B)
[2026-03-15T02:31:58.354Z] GET http://localhost:4321/node_modules/.vite/deps/ui-library-RRNAZ76X.js?v=176711f4 → 200 (?ms, 29524B)
[2026-03-15T02:31:58.355Z] GET http://localhost:4321/node_modules/.vite/deps/chunk-NW3GSXF7.js?v=176711f4 → 200 (?ms, 1716B)
[2026-03-15T02:31:58.355Z] GET http://localhost:4321/node_modules/.vite/deps/chunk-IVCLOU5T.js?v=176711f4 → 200 (?ms, 48717B)
[2026-03-15T02:31:58.356Z] GET http://localhost:4321/node_modules/.vite/deps/chunk-MUZKV7YD.js?v=176711f4 → 200 (?ms, 2456B)
[2026-03-15T02:31:58.356Z] GET http://localhost:4321/node_modules/.vite/deps/chunk-ZPH5RHRB.js?v=176711f4 → 200 (?ms, 216145B)
[2026-03-15T02:31:58.356Z] GET http://localhost:4321/node_modules/.vite/deps/chunk-MHMTZ27E.js?v=176711f4 → 200 (1ms, 123003B)
[2026-03-15T02:31:58.357Z] GET http://localhost:4321/node_modules/.vite/deps/chunk-6CIVEWMC.js?v=176711f4 → 200 (?ms, 680B)
[2026-03-15T02:31:58.392Z] GET http://localhost:4321/Users/tom/Documents/source_code/Nyx_landing/src/components/LanguageSwitcher.tsx → 304 (2ms, ?B)
[2026-03-15T02:31:58.392Z] GET http://localhost:4321/@id/@astrojs/react/client.js → 304 (2ms, ?B)
[2026-03-15T02:31:58.392Z] GET http://localhost:4321/Users/tom/Documents/source_code/Nyx_landing/src/components/MobileMenu.tsx → 304 (2ms, ?B)
[2026-03-15T02:31:58.394Z] GET http://localhost:4321/node_modules/.vite/deps/react_jsx-dev-runtime.js?v=e1922aee → 200 (?ms, 12503B)
[2026-03-15T02:31:58.394Z] GET http://localhost:4321/node_modules/.vite/deps/chunk-TMQEGJQE.js?v=176711f4 → 200 (?ms, 1005614B)
[2026-03-15T02:31:58.394Z] GET http://localhost:4321/node_modules/.vite/deps/chunk-MEGOR7ID.js?v=176711f4 → 200 (?ms, 16410B)
[2026-03-15T02:31:58.394Z] GET http://localhost:4321/node_modules/.vite/deps/chunk-DEYIUA6C.js?v=176711f4 → 200 (1ms, 45692B)
[2026-03-15T02:31:58.395Z] GET http://localhost:4321/node_modules/.vite/deps/react.js?v=e1922aee → 200 (?ms, 1024B)
[2026-03-15T02:31:58.446Z] GET http://localhost:4321/images/mascot.png → 404 (19ms, ?B)
[2026-03-15T02:31:58.465Z] GET http://localhost:4321/images/app-screenshot-1.png → 404 (7ms, ?B)
[2026-03-15T02:31:58.473Z] GET http://localhost:4321/images/app-screenshot-2.png → 404 (14ms, ?B)
[2026-03-15T02:32:18.566Z] GET http://localhost:4321/ → 200 (125ms, 106598B)
[2026-03-15T02:32:18.695Z] GET https://fonts.googleapis.com/css2?family=Inter:wght@300;400;500;600;700;800&display=swap → 200 (1ms, 15042B)
[2026-03-15T02:32:18.696Z] GET http://localhost:4321/@vite/client → 304 (2ms, ?B)
[2026-03-15T02:32:18.696Z] GET http://localhost:4321/@id/astro/runtime/client/dev-toolbar/entrypoint.js → 304 (3ms, ?B)
[2026-03-15T02:32:18.696Z] GET http://localhost:4321/src/styles/global.css → 304 (27ms, ?B)
[2026-03-15T02:32:18.698Z] GET http://localhost:4321/@id/astro:scripts/before-hydration.js → 304 (25ms, ?B)
[2026-03-15T02:32:18.698Z] GET http://localhost:4321/images/mascot.png → 404 (69ms, 4311B)
[2026-03-15T02:32:18.700Z] GET http://localhost:4321/images/app-screenshot-1.png → 404 (69ms, 4321B)
[2026-03-15T02:32:18.700Z] GET http://localhost:4321/images/app-screenshot-2.png → 404 (69ms, 4321B)
[2026-03-15T02:32:18.700Z] GET http://localhost:4321/node_modules/.pnpm/vite@7.3.1_jiti@2.6.1_lightningcss@1.31.1_yaml@2.8.2/node_modules/vite/dist/client/env.mjs → 304 (35ms, ?B)
[2026-03-15T02:32:18.700Z] GET http://localhost:4321/node_modules/.vite/deps/chunk-GCMJ7K6N.js?v=176711f4 → 200 (?ms, 2813B)
[2026-03-15T02:32:18.700Z] GET http://localhost:4321/node_modules/.vite/deps/chunk-UBFS37DA.js?v=176711f4 → 200 (?ms, 4857B)
[2026-03-15T02:32:18.701Z] GET http://localhost:4321/node_modules/.vite/deps/chunk-5WRI5ZAA.js?v=176711f4 → 200 (?ms, 7184B)
[2026-03-15T02:32:18.701Z] GET http://localhost:4321/@id/__x00__astro:toolbar:internal → 304 (22ms, ?B)
[2026-03-15T02:32:18.720Z] GET https://fonts.gstatic.com/s/inter/v20/UcC73FwrK3iLTeHuS_nVMrMxCp50SjIa2pL7W0Q5n-wU.woff2 → 200 (?ms, ?B)
[2026-03-15T02:32:18.720Z] GET https://fonts.gstatic.com/s/inter/v20/UcC73FwrK3iLTeHuS_nVMrMxCp50SjIa25L7W0Q5n-wU.woff2 → 200 (?ms, ?B)
[2026-03-15T02:32:18.721Z] GET https://fonts.gstatic.com/s/inter/v20/UcC73FwrK3iLTeHuS_nVMrMxCp50SjIa1ZL7W0Q5nw.woff2 → 200 (?ms, ?B)
[2026-03-15T02:32:18.735Z] GET http://localhost:4321/@react-refresh → 304 (8ms, ?B)
[2026-03-15T02:32:18.743Z] GET http://localhost:4321/node_modules/.vite/deps/astro-BE6YECNS.js?v=176711f4 → 200 (?ms, 20663B)
[2026-03-15T02:32:18.743Z] GET http://localhost:4321/node_modules/.vite/deps/audit-WLTWP44L.js?v=176711f4 → 200 (1ms, 52528B)
[2026-03-15T02:32:18.744Z] GET http://localhost:4321/node_modules/.vite/deps/xray-CIFJOFPU.js?v=176711f4 → 200 (1ms, 5722B)
[2026-03-15T02:32:18.745Z] GET http://localhost:4321/node_modules/.vite/deps/settings-F2ISS3QH.js?v=176711f4 → 200 (?ms, 6392B)
[2026-03-15T02:32:18.749Z] GET http://localhost:4321/node_modules/.vite/deps/toolbar-SW6GNZV3.js?v=176711f4 → 200 (?ms, 15789B)
[2026-03-15T02:32:18.749Z] GET http://localhost:4321/node_modules/.vite/deps/ui-library-RRNAZ76X.js?v=176711f4 → 200 (?ms, 29524B)
[2026-03-15T02:32:18.752Z] GET http://localhost:4321/node_modules/.vite/deps/chunk-NW3GSXF7.js?v=176711f4 → 200 (?ms, 1716B)
[2026-03-15T02:32:18.752Z] GET http://localhost:4321/node_modules/.vite/deps/chunk-IVCLOU5T.js?v=176711f4 → 200 (?ms, 48717B)
[2026-03-15T02:32:18.752Z] GET http://localhost:4321/node_modules/.vite/deps/chunk-MUZKV7YD.js?v=176711f4 → 200 (1ms, 2456B)
[2026-03-15T02:32:18.753Z] GET http://localhost:4321/node_modules/.vite/deps/chunk-ZPH5RHRB.js?v=176711f4 → 200 (?ms, 216145B)
[2026-03-15T02:32:18.753Z] GET http://localhost:4321/node_modules/.vite/deps/chunk-MHMTZ27E.js?v=176711f4 → 200 (?ms, 123003B)
[2026-03-15T02:32:18.754Z] GET http://localhost:4321/node_modules/.vite/deps/chunk-6CIVEWMC.js?v=176711f4 → 200 (?ms, 680B)
[2026-03-15T02:32:18.756Z] GET http://localhost:4321/Users/tom/Documents/source_code/Nyx_landing/src/components/LanguageSwitcher.tsx → 304 (32ms, ?B)
[2026-03-15T02:32:18.756Z] GET http://localhost:4321/@id/@astrojs/react/client.js → 304 (32ms, ?B)
[2026-03-15T02:32:18.757Z] GET http://localhost:4321/Users/tom/Documents/source_code/Nyx_landing/src/components/MobileMenu.tsx → 304 (32ms, ?B)
[2026-03-15T02:32:18.792Z] GET http://localhost:4321/node_modules/.vite/deps/react_jsx-dev-runtime.js?v=e1922aee → 200 (1ms, 12503B)
[2026-03-15T02:32:18.793Z] GET http://localhost:4321/node_modules/.vite/deps/chunk-TMQEGJQE.js?v=176711f4 → 200 (?ms, 1005614B)
[2026-03-15T02:32:18.793Z] GET http://localhost:4321/node_modules/.vite/deps/chunk-MEGOR7ID.js?v=176711f4 → 200 (?ms, 16410B)
[2026-03-15T02:32:18.794Z] GET http://localhost:4321/node_modules/.vite/deps/chunk-DEYIUA6C.js?v=176711f4 → 200 (?ms, 45692B)
[2026-03-15T02:32:18.794Z] GET http://localhost:4321/node_modules/.vite/deps/react.js?v=e1922aee → 200 (?ms, 1024B)
[2026-03-15T02:32:18.845Z] GET http://localhost:4321/images/mascot.png → 404 (18ms, ?B)
[2026-03-15T02:32:18.864Z] GET http://localhost:4321/images/app-screenshot-1.png → 404 (13ms, ?B)
[2026-03-15T02:32:18.877Z] GET http://localhost:4321/images/app-screenshot-2.png → 404 (14ms, ?B)
[2026-03-15T02:32:42.571Z] GET http://localhost:4321/ → 200 (103ms, 106597B)
[2026-03-15T02:32:42.678Z] GET https://fonts.googleapis.com/css2?family=Inter:wght@300;400;500;600;700;800&display=swap → 200 (1ms, 15042B)
[2026-03-15T02:32:42.679Z] GET http://localhost:4321/@vite/client → 200 (3ms, 294360B)
[2026-03-15T02:32:42.679Z] GET http://localhost:4321/@id/astro/runtime/client/dev-toolbar/entrypoint.js → 200 (1ms, 9749B)
[2026-03-15T02:32:42.679Z] GET http://localhost:4321/src/styles/global.css → 200 (41ms, 44777B)
[2026-03-15T02:32:42.679Z] GET http://localhost:4321/images/mascot.png → 404 (59ms, 4311B)
[2026-03-15T02:32:42.680Z] GET http://localhost:4321/@id/astro:scripts/before-hydration.js → 200 (5ms, 988B)
[2026-03-15T02:32:42.681Z] GET http://localhost:4321/images/app-screenshot-1.png → 404 (57ms, 4321B)
[2026-03-15T02:32:42.681Z] GET http://localhost:4321/images/app-screenshot-2.png → 404 (57ms, 4321B)
[2026-03-15T02:32:42.682Z] GET http://localhost:4321/node_modules/.vite/deps/chunk-GCMJ7K6N.js?v=176711f4 → 200 (?ms, 2813B)
[2026-03-15T02:32:42.682Z] GET http://localhost:4321/node_modules/.vite/deps/chunk-UBFS37DA.js?v=176711f4 → 200 (?ms, 4857B)
[2026-03-15T02:32:42.683Z] GET http://localhost:4321/node_modules/.vite/deps/chunk-5WRI5ZAA.js?v=176711f4 → 200 (?ms, 7184B)
[2026-03-15T02:32:42.683Z] GET http://localhost:4321/@id/__x00__astro:toolbar:internal → 200 (37ms, 8955B)
[2026-03-15T02:32:42.683Z] GET http://localhost:4321/node_modules/.pnpm/vite@7.3.1_jiti@2.6.1_lightningcss@1.31.1_yaml@2.8.2/node_modules/vite/dist/client/env.mjs → 200 (37ms, 3478B)
[2026-03-15T02:32:42.685Z] GET http://localhost:4321/@react-refresh → 200 (35ms, 111894B)
[2026-03-15T02:32:42.703Z] GET https://fonts.gstatic.com/s/inter/v20/UcC73FwrK3iLTeHuS_nVMrMxCp50SjIa2pL7W0Q5n-wU.woff2 → 200 (?ms, ?B)
[2026-03-15T02:32:42.704Z] GET https://fonts.gstatic.com/s/inter/v20/UcC73FwrK3iLTeHuS_nVMrMxCp50SjIa25L7W0Q5n-wU.woff2 → 200 (?ms, ?B)
[2026-03-15T02:32:42.704Z] GET https://fonts.gstatic.com/s/inter/v20/UcC73FwrK3iLTeHuS_nVMrMxCp50SjIa1ZL7W0Q5nw.woff2 → 200 (3ms, ?B)
[2026-03-15T02:32:42.724Z] GET http://localhost:4321/Users/tom/Documents/source_code/Nyx_landing/src/components/MobileMenu.tsx → 200 (11ms, 11638B)
[2026-03-15T02:32:42.724Z] GET http://localhost:4321/@id/@astrojs/react/client.js → 200 (11ms, 4723B)
[2026-03-15T02:32:42.724Z] GET http://localhost:4321/Users/tom/Documents/source_code/Nyx_landing/src/components/LanguageSwitcher.tsx → 200 (12ms, 5334B)
[2026-03-15T02:32:42.724Z] GET http://localhost:4321/node_modules/.vite/deps/astro-BE6YECNS.js?v=176711f4 → 200 (?ms, 20663B)
[2026-03-15T02:32:42.724Z] GET http://localhost:4321/node_modules/.vite/deps/audit-WLTWP44L.js?v=176711f4 → 200 (?ms, 52528B)
[2026-03-15T02:32:42.724Z] GET http://localhost:4321/node_modules/.vite/deps/xray-CIFJOFPU.js?v=176711f4 → 200 (?ms, 5722B)
[2026-03-15T02:32:42.726Z] GET http://localhost:4321/node_modules/.vite/deps/settings-F2ISS3QH.js?v=176711f4 → 200 (?ms, 6392B)
[2026-03-15T02:32:42.726Z] GET http://localhost:4321/node_modules/.vite/deps/toolbar-SW6GNZV3.js?v=176711f4 → 200 (?ms, 15789B)
[2026-03-15T02:32:42.726Z] GET http://localhost:4321/node_modules/.vite/deps/ui-library-RRNAZ76X.js?v=176711f4 → 200 (1ms, 29524B)
[2026-03-15T02:32:42.727Z] GET http://localhost:4321/node_modules/.vite/deps/chunk-NW3GSXF7.js?v=176711f4 → 200 (1ms, 1716B)
[2026-03-15T02:32:42.728Z] GET http://localhost:4321/node_modules/.vite/deps/chunk-IVCLOU5T.js?v=176711f4 → 200 (?ms, 48717B)
[2026-03-15T02:32:42.728Z] GET http://localhost:4321/node_modules/.vite/deps/chunk-MUZKV7YD.js?v=176711f4 → 200 (?ms, 2456B)
[2026-03-15T02:32:42.730Z] GET http://localhost:4321/node_modules/.vite/deps/chunk-ZPH5RHRB.js?v=176711f4 → 200 (?ms, 216145B)
[2026-03-15T02:32:42.732Z] GET http://localhost:4321/node_modules/.vite/deps/chunk-MHMTZ27E.js?v=176711f4 → 200 (?ms, 123003B)
[2026-03-15T02:32:42.732Z] GET http://localhost:4321/node_modules/.vite/deps/chunk-6CIVEWMC.js?v=176711f4 → 200 (2ms, 680B)
[2026-03-15T02:32:42.751Z] GET http://localhost:4321/node_modules/.vite/deps/chunk-TMQEGJQE.js?v=176711f4 → 200 (?ms, 1005614B)
[2026-03-15T02:32:42.752Z] GET http://localhost:4321/node_modules/.vite/deps/chunk-MEGOR7ID.js?v=176711f4 → 200 (?ms, 16410B)
[2026-03-15T02:32:42.752Z] GET http://localhost:4321/node_modules/.vite/deps/chunk-DEYIUA6C.js?v=176711f4 → 200 (1ms, 45692B)
[2026-03-15T02:32:42.753Z] GET http://localhost:4321/node_modules/.vite/deps/react_jsx-dev-runtime.js?v=e1922aee → 200 (?ms, 12503B)
[2026-03-15T02:32:42.753Z] GET http://localhost:4321/node_modules/.vite/deps/react.js?v=e1922aee → 200 (?ms, 1024B)
[2026-03-15T02:32:42.810Z] GET http://localhost:4321/images/mascot.png → 404 (9ms, ?B)
[2026-03-15T02:32:42.820Z] GET http://localhost:4321/images/app-screenshot-1.png → 404 (11ms, ?B)
[2026-03-15T02:32:42.831Z] GET http://localhost:4321/images/app-screenshot-2.png → 404 (10ms, ?B)
[2026-03-15T02:33:40.071Z] GET http://localhost:4321/ → 500 (77ms, 403B)
